S001C002P001R002A059: 32 frames missed: [0, 1, 2, 3, 4, 5, 6, 7, 8, 9, 10, 11, 12, 13, 14, 15, 16, 17, 18, 19, 20, 21, 22, 23, 24, 25, 26, 27, 28, 29, 30, 31]

S001C002P001R002A060: 11 frames missed: [87, 88, 89, 90, 91, 92, 93, 94, 95, 96, 97]

S001C002P004R001A055: 42 frames missed: [33, 34, 35, 36, 37, 38, 39, 40, 41, 42, 43, 44, 45, 46, 47, 48, 49, 50, 51, 52, 53, 54, 55, 56, 57, 58, 59, 60, 61, 62, 63, 64, 65, 66, 67, 68, 69, 70, 71, 72, 73, 74]

S001C002P004R002A055: 32 frames missed: [32, 33, 34, 35, 36, 37, 38, 39, 40, 41, 42, 43, 44, 45, 46, 47, 48, 49, 50, 51, 52, 53, 54, 55, 56, 57, 58, 59, 60, 61, 62, 63]

S001C002P008R002A060: 6 frames missed: [86, 87, 88, 89, 90, 91]

S001C003P001R001A055: 6 frames missed: [35, 36, 37, 38, 39, 40]

S001C003P003R002A011: 34 frames missed: [0, 1, 2, 3, 4, 5, 6, 7, 8, 9, 10, 11, 12, 13, 14, 15, 16, 17, 18, 19, 20, 21, 22, 23, 24, 25, 26, 27, 28, 29, 30, 31, 32, 33]

S001C003P004R002A009: 25 frames missed: [35, 36, 37, 38, 39, 40, 41, 42, 43, 44, 45, 46, 47, 48, 49, 50, 51, 52, 53, 54, 55, 56, 57, 58, 59]

S002C001P012R002A059: 27 frames missed: [0, 1, 2, 3, 4, 5, 6, 7, 8, 9, 10, 11, 12, 13, 14, 15, 16, 17, 18, 19, 20, 21, 22, 23, 24, 25, 26]

S002C001P014R001A055: 7 frames missed: [65, 66, 67, 68, 69, 70, 71]

S002C002P007R002A055: 29 frames missed: [34, 35, 36, 37, 38, 39, 40, 41, 42, 43, 44, 45, 46, 47, 48, 49, 50, 51, 52, 53, 54, 55, 56, 57, 58, 59, 60, 61, 62]

S002C002P009R001A055: 43 frames missed: [40, 41, 42, 43, 44, 45, 46, 47, 48, 49, 50, 51, 52, 53, 54, 55, 56, 57, 58, 59, 60, 61, 62, 63, 64, 65, 66, 67, 68, 69, 70, 71, 72, 73, 74, 75, 76, 77, 78, 79, 80, 81, 82]

S002C002P010R001A001: 5 frames missed: [0, 1, 2, 3, 4]

S002C002P010R001A055: 7 frames missed: [34, 35, 36, 37, 38, 39, 40]

S002C002P012R001A042: 4 frames missed: [89, 90, 91, 92]

S002C002P014R001A055: 9 frames missed: [40, 41, 42, 43, 44, 45, 46, 47, 48]

S002C003P011R001A055: 47 frames missed: [47, 48, 49, 50, 51, 52, 53, 54, 55, 56, 57, 58, 59, 60, 61, 62, 63, 64, 65, 66, 67, 68, 69, 70, 71, 72, 73, 74, 75, 76, 77, 78, 79, 80, 81, 82, 83, 84, 85, 86, 87, 88, 89, 90, 91, 92, 93]

S002C003P014R001A055: 25 frames missed: [48, 49, 50, 51, 52, 53, 54, 55, 56, 57, 58, 59, 60, 61, 62, 63, 64, 65, 66, 67, 68, 69, 70, 71, 72]

S002C003P014R002A055: 26 frames missed: [41, 42, 43, 44, 45, 46, 47, 48, 49, 50, 51, 52, 53, 54, 55, 56, 57, 58, 59, 60, 61, 62, 63, 64, 65, 66]

S003C001P001R002A059: 26 frames missed: [0, 1, 2, 3, 4, 5, 6, 7, 8, 9, 10, 11, 12, 13, 14, 15, 16, 17, 18, 19, 20, 21, 22, 23, 24, 25]

S003C001P002R001A059: 52 frames missed: [0, 1, 2, 3, 4, 5, 6, 7, 8, 9, 10, 11, 12, 13, 14, 15, 16, 17, 18, 19, 20, 21, 22, 23, 24, 25, 26, 27, 28, 29, 30, 31, 32, 33, 34, 35, 36, 37, 38, 39, 40, 41, 42, 43, 44, 45, 46, 47, 48, 49, 50, 51]

S003C001P008R001A059: 40 frames missed: [0, 1, 2, 3, 4, 5, 6, 7, 8, 9, 10, 11, 12, 13, 14, 15, 16, 17, 18, 19, 20, 21, 22, 23, 24, 25, 26, 27, 28, 29, 30, 31, 32, 33, 34, 35, 36, 37, 38, 39]

S003C001P008R001A060: 6 frames missed: [91, 92, 93, 94, 95, 96]

S003C001P008R002A060: 18 frames missed: [75, 76, 77, 78, 79, 80, 81, 82, 83, 84, 85, 86, 87, 88, 89, 90, 91, 92]

S003C001P019R001A059: 39 frames missed: [0, 1, 2, 3, 4, 5, 6, 7, 8, 9, 10, 11, 12, 13, 14, 15, 16, 17, 18, 19, 20, 21, 22, 23, 24, 25, 26, 27, 28, 29, 30, 31, 32, 33, 34, 35, 36, 37, 38]

S003C002P002R001A059: 38 frames missed: [0, 1, 2, 3, 4, 5, 6, 7, 8, 9, 10, 11, 12, 13, 14, 15, 16, 17, 18, 19, 20, 21, 22, 23, 24, 25, 26, 27, 28, 29, 30, 31, 32, 33, 34, 35, 36, 37]

S003C002P002R002A017: 5 frames missed: [77, 78, 79, 80, 81]

S003C002P007R001A059: 44 frames missed: [0, 1, 2, 3, 4, 5, 6, 7, 8, 9, 10, 11, 12, 13, 14, 15, 16, 17, 18, 19, 20, 21, 22, 23, 24, 25, 26, 27, 28, 29, 30, 31, 32, 33, 34, 35, 36, 37, 38, 39, 40, 41, 42, 43]

S003C002P008R001A008: 24 frames missed: [0, 1, 2, 3, 4, 5, 6, 7, 8, 9, 10, 11, 12, 13, 14, 15, 16, 17, 18, 19, 20, 21, 22, 23]

S003C002P008R001A059: 38 frames missed: [0, 1, 2, 3, 4, 5, 6, 7, 8, 9, 10, 11, 12, 13, 14, 15, 16, 17, 18, 19, 20, 21, 22, 23, 24, 25, 26, 27, 28, 29, 30, 31, 32, 33, 34, 35, 36, 37]

S003C002P015R002A055: 24 frames missed: [44, 45, 46, 47, 48, 49, 50, 51, 52, 53, 54, 55, 56, 57, 58, 59, 60, 61, 62, 63, 64, 65, 66, 67]

S003C002P017R001A055: 29 frames missed: [43, 44, 45, 46, 47, 48, 49, 50, 51, 52, 53, 54, 55, 56, 57, 58, 59, 60, 61, 62, 63, 64, 65, 66, 67, 68, 69, 70, 71]

S003C002P019R001A055: 26 frames missed: [33, 34, 35, 36, 37, 38, 39, 40, 41, 42, 43, 44, 45, 46, 47, 48, 49, 50, 51, 52, 53, 54, 55, 56, 57, 58]

S003C003P002R001A059: 1 frames missed: [69]

S003C003P015R001A059: 1 frames missed: [76]

S003C003P016R002A012: 45 frames missed: [0, 1, 2, 3, 4, 5, 6, 7, 8, 9, 10, 11, 12, 13, 14, 15, 16, 17, 18, 19, 20, 21, 22, 23, 24, 25, 26, 27, 28, 29, 30, 31, 32, 33, 34, 35, 36, 37, 38, 39, 40, 41, 42, 43, 44]

S003C003P019R001A055: 25 frames missed: [34, 35, 36, 37, 38, 39, 40, 41, 42, 43, 44, 45, 46, 47, 48, 49, 50, 51, 52, 53, 54, 55, 56, 57, 58]

S004C002P003R001A059: 40 frames missed: [0, 1, 2, 3, 4, 5, 6, 7, 8, 9, 10, 11, 12, 13, 14, 15, 16, 17, 18, 19, 20, 21, 22, 23, 24, 25, 26, 27, 28, 29, 30, 31, 32, 33, 34, 35, 36, 37, 38, 39]

S004C002P008R001A010: 31 frames missed: [0, 1, 2, 3, 4, 5, 6, 7, 8, 9, 10, 11, 12, 13, 14, 15, 16, 17, 18, 19, 20, 21, 22, 23, 24, 25, 26, 27, 28, 29, 30]

S004C002P020R001A060: 5 frames missed: [110, 111, 112, 113, 114]

S004C003P003R001A059: 28 frames missed: [0, 1, 2, 3, 4, 5, 6, 7, 8, 9, 10, 11, 12, 13, 14, 15, 16, 17, 18, 19, 20, 21, 22, 23, 24, 25, 26, 27]

S005C001P004R001A059: 55 frames missed: [0, 1, 2, 3, 4, 5, 6, 7, 8, 9, 10, 11, 12, 13, 14, 15, 16, 17, 18, 19, 20, 21, 22, 23, 24, 25, 26, 27, 28, 29, 30, 31, 32, 33, 34, 35, 36, 37, 38, 39, 40, 41, 42, 43, 44, 45, 46, 47, 48, 49, 50, 51, 52, 53, 54]

S005C001P015R002A042: 6 frames missed: [70, 71, 72, 73, 74, 75]

S005C001P016R002A042: 30 frames missed: [87, 88, 89, 90, 91, 92, 93, 94, 95, 96, 97, 98, 99, 100, 101, 102, 103, 104, 105, 106, 107, 108, 109, 110, 111, 112, 113, 114, 115, 116]

S005C002P004R001A059: 51 frames missed: [1, 2, 3, 4, 5, 6, 7, 8, 9, 10, 11, 12, 13, 14, 15, 16, 17, 18, 19, 20, 21, 22, 23, 24, 25, 26, 27, 28, 29, 30, 31, 32, 33, 34, 35, 36, 37, 38, 39, 40, 41, 42, 43, 44, 45, 46, 47, 48, 49, 50, 51]

S005C002P010R002A055: 6 frames missed: [40, 41, 42, 43, 44, 45]

S005C002P013R002A055: 1 frames missed: [61]

S005C002P016R001A008: 16 frames missed: [63, 64, 65, 66, 67, 68, 69, 70, 71, 72, 73, 74, 75, 76, 77, 78]

S005C002P021R001A055: 32 frames missed: [49, 50, 51, 52, 53, 54, 55, 56, 57, 58, 59, 60, 61, 62, 63, 64, 65, 66, 67, 68, 69, 70, 71, 72, 73, 74, 75, 76, 77, 78, 79, 80]

S005C003P004R001A059: 61 frames missed: [0, 1, 2, 3, 4, 5, 6, 7, 8, 9, 10, 11, 12, 13, 14, 15, 16, 17, 18, 19, 20, 21, 22, 23, 24, 25, 26, 27, 28, 29, 30, 31, 32, 33, 34, 35, 36, 37, 38, 39, 40, 41, 42, 43, 44, 45, 46, 47, 48, 49, 50, 51, 52, 53, 54, 55, 56, 57, 58, 59, 60]

S005C003P015R001A055: 13 frames missed: [49, 50, 51, 52, 53, 54, 55, 56, 57, 58, 59, 60, 61]

S005C003P016R002A008: 15 frames missed: [60, 61, 62, 63, 64, 65, 66, 67, 68, 69, 70, 71, 72, 73, 74]

S005C003P016R002A020: 44 frames missed: [0, 1, 2, 3, 4, 5, 6, 7, 8, 9, 10, 11, 12, 13, 14, 15, 16, 17, 18, 19, 20, 21, 22, 23, 24, 25, 26, 27, 28, 29, 30, 31, 32, 33, 34, 35, 36, 37, 38, 39, 40, 41, 42, 43]

S005C003P021R001A055: 32 frames missed: [49, 50, 51, 52, 53, 54, 55, 56, 57, 58, 59, 60, 61, 62, 63, 64, 65, 66, 67, 68, 69, 70, 71, 72, 73, 74, 75, 76, 77, 78, 79, 80]

S005C003P021R002A055: 13 frames missed: [35, 36, 37, 38, 39, 40, 41, 42, 43, 44, 45, 46, 47]

S006C001P008R001A059: 39 frames missed: [0, 1, 2, 3, 4, 5, 6, 7, 8, 9, 10, 11, 12, 13, 14, 15, 16, 17, 18, 19, 20, 21, 22, 23, 24, 25, 26, 27, 28, 29, 30, 31, 32, 33, 34, 35, 36, 37, 38]

S006C001P016R001A008: 6 frames missed: [0, 1, 2, 3, 4, 5]

S006C001P017R001A060: 7 frames missed: [71, 72, 73, 74, 75, 76, 77]

S006C001P023R001A055: 35 frames missed: [47, 48, 49, 50, 51, 52, 53, 54, 55, 56, 57, 58, 59, 60, 61, 62, 63, 64, 65, 66, 67, 68, 69, 70, 71, 72, 73, 74, 75, 76, 77, 78, 79, 80, 81]

S006C002P007R001A007: 19 frames missed: [0, 1, 2, 3, 4, 5, 6, 7, 8, 9, 10, 11, 12, 13, 14, 15, 16, 17, 18]

S006C002P007R001A060: 6 frames missed: [99, 100, 101, 102, 103, 104]

S006C002P007R002A014: 31 frames missed: [18, 19, 20, 21, 22, 23, 24, 25, 26, 27, 28, 29, 30, 31, 32, 33, 34, 35, 36, 37, 38, 39, 40, 41, 42, 43, 44, 45, 46, 47, 48]

S006C002P008R001A060: 14 frames missed: [95, 96, 97, 98, 99, 100, 101, 102, 103, 104, 105, 106, 107, 108]

S006C002P008R002A059: 48 frames missed: [0, 1, 2, 3, 4, 5, 6, 7, 8, 9, 10, 11, 12, 13, 14, 15, 16, 17, 18, 19, 20, 21, 22, 23, 24, 25, 26, 27, 28, 29, 30, 31, 32, 33, 34, 35, 36, 37, 38, 39, 40, 41, 42, 43, 44, 45, 46, 47]

S006C002P008R002A060: 20 frames missed: [98, 99, 100, 101, 102, 103, 104, 105, 106, 107, 108, 109, 110, 111, 112, 113, 114, 115, 116, 117]

S006C002P016R001A008: 9 frames missed: [73, 74, 75, 76, 77, 78, 79, 80, 81]

S006C002P016R001A042: 7 frames missed: [105, 106, 107, 108, 109, 110, 111]

S006C002P022R002A059: 32 frames missed: [0, 1, 2, 3, 4, 5, 6, 7, 8, 9, 10, 11, 12, 13, 14, 15, 16, 17, 18, 19, 20, 21, 22, 23, 24, 25, 26, 27, 28, 29, 30, 31]

S006C002P023R001A014: 68 frames missed: [0, 1, 2, 3, 4, 5, 6, 7, 8, 9, 10, 11, 12, 13, 14, 15, 16, 17, 18, 19, 20, 21, 22, 23, 24, 25, 26, 27, 28, 29, 30, 31, 32, 33, 34, 35, 36, 37, 38, 39, 40, 41, 42, 43, 44, 45, 46, 47, 48, 49, 50, 51, 52, 53, 54, 55, 56, 57, 58, 59, 60, 61, 62, 63, 64, 65, 66, 67]

S006C003P007R001A014: 28 frames missed: [20, 21, 22, 23, 24, 25, 26, 27, 28, 29, 30, 31, 32, 33, 34, 35, 36, 37, 38, 39, 40, 41, 42, 43, 44, 45, 46, 47]

S006C003P008R001A014: 13 frames missed: [57, 58, 59, 60, 61, 62, 63, 64, 65, 66, 67, 68, 69]

S006C003P008R001A059: 51 frames missed: [0, 1, 2, 3, 4, 5, 6, 7, 8, 9, 10, 11, 12, 13, 14, 15, 16, 17, 18, 19, 20, 21, 22, 23, 24, 25, 26, 27, 28, 29, 30, 31, 32, 33, 34, 35, 36, 37, 38, 39, 40, 41, 42, 43, 44, 45, 46, 47, 48, 49, 50]

S006C003P008R001A060: 5 frames missed: [103, 104, 105, 106, 107]

S006C003P019R001A059: 38 frames missed: [0, 1, 2, 3, 4, 5, 6, 7, 8, 9, 10, 11, 12, 13, 14, 15, 16, 17, 18, 19, 20, 21, 22, 23, 24, 25, 26, 27, 28, 29, 30, 31, 32, 33, 34, 35, 36, 37]

S006C003P019R001A060: 16 frames missed: [69, 70, 71, 72, 73, 74, 75, 76, 77, 78, 79, 80, 81, 82, 83, 84]

S006C003P019R002A050: 18 frames missed: [0, 1, 2, 3, 4, 5, 6, 7, 8, 9, 10, 11, 12, 13, 14, 15, 16, 17]

S006C003P022R001A059: 66 frames missed: [0, 1, 2, 3, 4, 5, 6, 7, 8, 9, 10, 11, 12, 13, 14, 15, 16, 17, 18, 19, 20, 21, 22, 23, 24, 25, 26, 27, 28, 29, 30, 31, 32, 33, 34, 35, 36, 37, 38, 39, 40, 41, 42, 43, 44, 45, 46, 47, 48, 49, 50, 51, 52, 53, 54, 55, 56, 57, 58, 59, 60, 61, 62, 63, 64, 65]

S006C003P023R001A060: 5 frames missed: [92, 93, 94, 95, 96]

S006C003P024R002A055: 24 frames missed: [49, 50, 51, 52, 53, 54, 55, 56, 57, 58, 59, 60, 61, 62, 63, 64, 65, 66, 67, 68, 69, 70, 71, 72]

S007C001P015R001A055: 10 frames missed: [49, 50, 51, 52, 53, 54, 55, 56, 57, 58]

S007C001P018R001A014: 33 frames missed: [52, 53, 54, 55, 56, 57, 58, 59, 60, 61, 62, 63, 64, 65, 66, 67, 68, 69, 70, 71, 72, 73, 74, 75, 76, 77, 78, 79, 80, 81, 82, 83, 84]

S007C001P026R002A001: 23 frames missed: [0, 1, 2, 3, 4, 5, 6, 7, 8, 9, 10, 11, 12, 13, 14, 15, 16, 17, 18, 19, 20, 21, 22]

S007C002P007R001A014: 68 frames missed: [0, 1, 2, 3, 4, 5, 6, 7, 8, 9, 10, 11, 12, 13, 14, 15, 16, 17, 18, 19, 20, 21, 22, 23, 24, 25, 26, 27, 28, 29, 30, 31, 32, 33, 34, 35, 36, 37, 38, 39, 40, 41, 42, 43, 44, 45, 46, 47, 48, 49, 50, 51, 52, 53, 54, 55, 56, 57, 58, 59, 60, 61, 62, 63, 64, 65, 66, 67]

S007C002P007R001A020: 17 frames missed: [0, 1, 2, 3, 4, 5, 6, 7, 8, 9, 10, 11, 12, 13, 14, 15, 16]

S007C002P008R001A050: 18 frames missed: [0, 1, 2, 3, 4, 5, 6, 7, 8, 9, 10, 11, 12, 13, 14, 15, 16, 17]

S007C002P008R001A060: 1 frames missed: [103]

S007C002P019R001A055: 36 frames missed: [37, 38, 39, 40, 41, 42, 43, 44, 45, 46, 47, 48, 49, 50, 51, 52, 53, 54, 55, 56, 57, 58, 59, 60, 61, 62, 63, 64, 65, 66, 67, 68, 69, 70, 71, 72]

S007C003P007R002A002: 8 frames missed: [0, 1, 2, 3, 4, 5, 6, 7]

S007C003P008R001A060: 9 frames missed: [95, 96, 97, 98, 99, 100, 101, 102, 103]

S007C003P015R001A055: 20 frames missed: [38, 39, 40, 41, 42, 43, 44, 45, 46, 47, 48, 49, 50, 51, 52, 53, 54, 55, 56, 57]

S007C003P028R001A052: 28 frames missed: [39, 40, 41, 42, 43, 44, 45, 46, 47, 48, 49, 50, 51, 52, 53, 54, 55, 56, 57, 58, 59, 60, 61, 62, 63, 64, 65, 66]

S008C001P007R002A059: 33 frames missed: [0, 1, 2, 3, 4, 5, 6, 7, 8, 9, 10, 11, 12, 13, 14, 15, 16, 17, 18, 19, 20, 21, 22, 23, 24, 25, 26, 27, 28, 29, 30, 31, 32]

S008C001P008R001A059: 47 frames missed: [0, 1, 2, 3, 4, 5, 6, 7, 8, 9, 10, 11, 12, 13, 14, 15, 16, 17, 18, 19, 20, 21, 22, 23, 24, 25, 26, 27, 28, 29, 30, 31, 32, 33, 34, 35, 36, 37, 38, 39, 40, 41, 42, 43, 44, 45, 46]

S008C001P008R002A059: 42 frames missed: [0, 1, 2, 3, 4, 5, 6, 7, 8, 9, 10, 11, 12, 13, 14, 15, 16, 17, 18, 19, 20, 21, 22, 23, 24, 25, 26, 27, 28, 29, 30, 31, 32, 33, 34, 35, 36, 37, 38, 39, 40, 41]

S008C001P008R002A060: 5 frames missed: [91, 92, 93, 94, 95]

S008C001P019R001A060: 18 frames missed: [50, 51, 52, 53, 54, 55, 56, 57, 58, 59, 60, 61, 62, 63, 64, 65, 66, 67]

S008C001P025R002A055: 12 frames missed: [52, 53, 54, 55, 56, 57, 58, 59, 60, 61, 62, 63]

S008C001P030R001A018: 6 frames missed: [23, 24, 25, 26, 27, 28]

S008C001P035R001A059: 46 frames missed: [0, 1, 2, 3, 4, 5, 6, 7, 8, 9, 10, 11, 12, 13, 14, 15, 16, 17, 18, 19, 20, 21, 22, 23, 24, 25, 26, 27, 28, 29, 30, 31, 32, 33, 34, 35, 36, 37, 38, 39, 40, 41, 42, 43, 44, 45]

S008C001P035R002A055: 13 frames missed: [48, 49, 50, 51, 52, 53, 54, 55, 56, 57, 58, 59, 60]

S008C002P001R001A037: 36 frames missed: [0, 1, 2, 3, 4, 5, 6, 7, 8, 9, 10, 11, 12, 13, 14, 15, 16, 17, 18, 19, 20, 21, 22, 23, 24, 25, 26, 27, 28, 29, 30, 31, 32, 33, 34, 35]

S008C002P008R002A060: 4 frames missed: [92, 93, 94, 95]

S008C002P031R002A055: 6 frames missed: [39, 40, 41, 42, 43, 44]

S008C002P031R002A059: 42 frames missed: [0, 1, 2, 3, 4, 5, 6, 7, 8, 9, 10, 11, 12, 13, 14, 15, 16, 17, 18, 19, 20, 21, 22, 23, 24, 25, 26, 27, 28, 29, 30, 31, 32, 33, 34, 35, 36, 37, 38, 39, 40, 41]

S008C002P032R002A059: 41 frames missed: [0, 1, 2, 3, 4, 5, 6, 7, 8, 9, 10, 11, 12, 13, 14, 15, 16, 17, 18, 19, 20, 21, 22, 23, 24, 25, 26, 27, 28, 29, 30, 31, 32, 33, 34, 35, 36, 37, 38, 39, 40]

S008C002P033R002A059: 47 frames missed: [0, 1, 2, 3, 4, 5, 6, 7, 8, 9, 10, 11, 12, 13, 14, 15, 16, 17, 18, 19, 20, 21, 22, 23, 24, 25, 26, 27, 28, 29, 30, 31, 32, 33, 34, 35, 36, 37, 38, 39, 40, 41, 42, 43, 44, 45, 46]

S008C002P035R002A055: 27 frames missed: [55, 56, 57, 58, 59, 60, 61, 62, 63, 64, 65, 66, 67, 68, 69, 70, 71, 72, 73, 74, 75, 76, 77, 78, 79, 80, 81]

S008C002P035R002A059: 53 frames missed: [0, 1, 2, 3, 4, 5, 6, 7, 8, 9, 10, 11, 12, 13, 14, 15, 16, 17, 18, 19, 20, 21, 22, 23, 24, 25, 26, 27, 28, 29, 30, 31, 32, 33, 34, 35, 36, 37, 38, 39, 40, 41, 42, 43, 44, 45, 46, 47, 48, 49, 50, 51, 52]

S008C002P036R002A055: 27 frames missed: [34, 35, 36, 37, 38, 39, 40, 41, 42, 43, 44, 45, 46, 47, 48, 49, 50, 51, 52, 53, 54, 55, 56, 57, 58, 59, 60]

S008C003P001R002A060: 2 frames missed: [78, 79]

S008C003P007R001A008: 21 frames missed: [46, 47, 48, 49, 50, 51, 52, 53, 54, 55, 56, 57, 58, 59, 60, 61, 62, 63, 64, 65, 66]

S008C003P007R001A024: 32 frames missed: [0, 1, 2, 3, 4, 5, 6, 7, 8, 9, 10, 11, 12, 13, 14, 15, 16, 17, 18, 19, 20, 21, 22, 23, 24, 25, 26, 27, 28, 29, 30, 31]

S008C003P007R002A060: 2 frames missed: [91, 92]

S008C003P015R001A060: 14 frames missed: [64, 65, 66, 67, 68, 69, 70, 71, 72, 73, 74, 75, 76, 77]

S008C003P025R001A055: 8 frames missed: [47, 48, 49, 50, 51, 52, 53, 54]

S008C003P025R001A059: 44 frames missed: [0, 1, 2, 3, 4, 5, 6, 7, 8, 9, 10, 11, 12, 13, 14, 15, 16, 17, 18, 19, 20, 21, 22, 23, 24, 25, 26, 27, 28, 29, 30, 31, 32, 33, 34, 35, 36, 37, 38, 39, 40, 41, 42, 43]

S008C003P025R001A060: 3 frames missed: [80, 81, 82]

S008C003P025R002A007: 4 frames missed: [0, 1, 2, 3]

S008C003P025R002A014: 58 frames missed: [0, 1, 2, 3, 4, 5, 6, 7, 8, 9, 10, 11, 12, 13, 14, 15, 16, 17, 18, 19, 20, 21, 22, 23, 24, 25, 26, 27, 28, 29, 30, 31, 32, 33, 34, 35, 36, 37, 38, 39, 40, 41, 42, 43, 44, 45, 46, 47, 48, 49, 50, 51, 52, 53, 54, 55, 56, 57]

S008C003P025R002A024: 30 frames missed: [0, 1, 2, 3, 4, 5, 6, 7, 8, 9, 10, 11, 12, 13, 14, 15, 16, 17, 18, 19, 20, 21, 22, 23, 24, 25, 26, 27, 28, 29]

S008C003P031R001A059: 51 frames missed: [0, 1, 2, 3, 4, 5, 6, 7, 8, 9, 10, 11, 12, 13, 14, 15, 16, 17, 18, 19, 20, 21, 22, 23, 24, 25, 26, 27, 28, 29, 30, 31, 32, 33, 34, 35, 36, 37, 38, 39, 40, 41, 42, 43, 44, 45, 46, 47, 48, 49, 50]

S008C003P032R001A055: 38 frames missed: [35, 36, 37, 38, 39, 40, 41, 42, 43, 44, 45, 46, 47, 48, 49, 50, 51, 52, 53, 54, 55, 56, 57, 58, 59, 60, 61, 62, 63, 64, 65, 66, 67, 68, 69, 70, 71, 72]

S008C003P032R001A059: 43 frames missed: [0, 1, 2, 3, 4, 5, 6, 7, 8, 9, 10, 11, 12, 13, 14, 15, 16, 17, 18, 19, 20, 21, 22, 23, 24, 25, 26, 27, 28, 29, 30, 31, 32, 33, 34, 35, 36, 37, 38, 39, 40, 41, 42]

S008C003P033R001A055: 31 frames missed: [66, 67, 68, 69, 70, 71, 72, 73, 74, 75, 76, 77, 78, 79, 80, 81, 82, 83, 84, 85, 86, 87, 88, 89, 90, 91, 92, 93, 94, 95, 96]

S008C003P033R001A059: 46 frames missed: [0, 1, 2, 3, 4, 5, 6, 7, 8, 9, 10, 11, 12, 13, 14, 15, 16, 17, 18, 19, 20, 21, 22, 23, 24, 25, 26, 27, 28, 29, 30, 31, 32, 33, 34, 35, 36, 37, 38, 39, 40, 41, 42, 43, 44, 45]

S008C003P033R002A042: 41 frames missed: [52, 53, 54, 55, 56, 57, 58, 59, 60, 61, 62, 63, 64, 65, 66, 67, 68, 69, 70, 71, 72, 73, 74, 75, 76, 77, 78, 79, 80, 81, 82, 83, 84, 85, 86, 87, 88, 89, 90, 91, 92]

S008C003P034R001A059: 34 frames missed: [0, 1, 2, 3, 4, 5, 6, 7, 8, 9, 10, 11, 12, 13, 14, 15, 16, 17, 18, 19, 20, 21, 22, 23, 24, 25, 26, 27, 28, 29, 30, 31, 32, 33]

S008C003P034R002A042: 29 frames missed: [63, 64, 65, 66, 67, 68, 69, 70, 71, 72, 73, 74, 75, 76, 77, 78, 79, 80, 81, 82, 83, 84, 85, 86, 87, 88, 89, 90, 91]

S008C003P034R002A043: 14 frames missed: [67, 68, 69, 70, 71, 72, 73, 74, 75, 76, 77, 78, 79, 80]

S008C003P035R002A043: 10 frames missed: [47, 48, 49, 50, 51, 52, 53, 54, 55, 56]

S008C003P036R001A055: 26 frames missed: [34, 35, 36, 37, 38, 39, 40, 41, 42, 43, 44, 45, 46, 47, 48, 49, 50, 51, 52, 53, 54, 55, 56, 57, 58, 59]

S008C003P036R001A059: 59 frames missed: [0, 1, 2, 3, 4, 5, 6, 7, 8, 9, 10, 11, 12, 13, 14, 15, 16, 17, 18, 19, 20, 21, 22, 23, 24, 25, 26, 27, 28, 29, 30, 31, 32, 33, 34, 35, 36, 37, 38, 39, 40, 41, 42, 43, 44, 45, 46, 47, 48, 49, 50, 51, 52, 53, 54, 55, 56, 57, 58]

S009C001P025R002A060: 10 frames missed: [97, 98, 99, 100, 101, 102, 103, 104, 105, 106]

S009C002P007R001A002: 10 frames missed: [0, 1, 2, 3, 4, 5, 6, 7, 8, 9]

S009C002P019R001A003: 23 frames missed: [0, 1, 2, 3, 4, 5, 6, 7, 8, 9, 10, 11, 12, 13, 14, 15, 16, 17, 18, 19, 20, 21, 22]

S009C002P019R001A055: 6 frames missed: [49, 50, 51, 52, 53, 54]

S009C002P019R002A059: 10 frames missed: [72, 73, 74, 75, 76, 77, 78, 79, 80, 81]

S009C002P019R002A060: 32 frames missed: [0, 1, 2, 3, 4, 5, 6, 7, 8, 9, 10, 11, 12, 13, 14, 15, 16, 17, 18, 19, 20, 21, 22, 23, 24, 25, 26, 27, 28, 29, 30, 31]

S009C002P025R002A060: 13 frames missed: [44, 45, 46, 47, 48, 49, 50, 51, 52, 53, 54, 55, 56]

S009C003P008R001A059: 34 frames missed: [0, 1, 2, 3, 4, 5, 6, 7, 8, 9, 10, 11, 12, 13, 14, 15, 16, 17, 18, 19, 20, 21, 22, 23, 24, 25, 26, 27, 28, 29, 30, 31, 32, 33]

S009C003P008R001A060: 23 frames missed: [72, 73, 74, 75, 76, 77, 78, 79, 80, 81, 82, 83, 84, 85, 86, 87, 88, 89, 90, 91, 92, 93, 94]

S009C003P019R001A014: 132 frames missed: [23, 24, 25, 26, 27, 28, 29, 30, 31, 32, 33, 34, 35, 36, 37, 38, 39, 40, 41, 42, 43, 44, 45, 46, 47, 48, 49, 50, 51, 52, 53, 54, 55, 56, 57, 58, 59, 60, 61, 62, 63, 64, 65, 66, 67, 68, 69, 70, 71, 72, 73, 74, 75, 76, 77, 78, 79, 80, 81, 82, 83, 84, 85, 86, 87, 88, 89, 90, 91, 92, 93, 94, 95, 96, 97, 98, 99, 100, 101, 102, 103, 104, 105, 106, 107, 108, 109, 110, 111, 112, 113, 114, 115, 116, 117, 118, 119, 120, 121, 122, 123, 124, 125, 126, 127, 128, 129, 130, 131, 132, 133, 134, 135, 136, 137, 138, 139, 140, 141, 142, 143, 144, 145, 146, 147, 148, 149, 150, 151, 152, 153, 154]

S009C003P019R001A060: 1 frames missed: [73]

S009C003P019R002A055: 27 frames missed: [55, 56, 57, 58, 59, 60, 61, 62, 63, 64, 65, 66, 67, 68, 69, 70, 71, 72, 73, 74, 75, 76, 77, 78, 79, 80, 81]

S010C001P007R002A060: 12 frames missed: [79, 80, 81, 82, 83, 84, 85, 86, 87, 88, 89, 90]

S010C001P008R001A059: 52 frames missed: [0, 1, 2, 3, 4, 5, 6, 7, 8, 9, 10, 11, 12, 13, 14, 15, 16, 17, 18, 19, 20, 21, 22, 23, 24, 25, 26, 27, 28, 29, 30, 31, 32, 33, 34, 35, 36, 37, 38, 39, 40, 41, 42, 43, 44, 45, 46, 47, 48, 49, 50, 51]

S010C001P008R001A060: 6 frames missed: [92, 93, 94, 95, 96, 97]

S010C001P008R002A059: 54 frames missed: [0, 1, 2, 3, 4, 5, 6, 7, 8, 9, 10, 11, 12, 13, 14, 15, 16, 17, 18, 19, 20, 21, 22, 23, 24, 25, 26, 27, 28, 29, 30, 31, 32, 33, 34, 35, 36, 37, 38, 39, 40, 41, 42, 43, 44, 45, 46, 47, 48, 49, 50, 51, 52, 53]

S010C001P008R002A060: 16 frames missed: [84, 85, 86, 87, 88, 89, 90, 91, 92, 93, 94, 95, 96, 97, 98, 99]

S010C001P016R001A060: 18 frames missed: [84, 85, 86, 87, 88, 89, 90, 91, 92, 93, 94, 95, 96, 97, 98, 99, 100, 101]

S010C001P018R002A008: 6 frames missed: [40, 41, 42, 43, 44, 45]

S010C001P021R002A055: 21 frames missed: [50, 51, 52, 53, 54, 55, 56, 57, 58, 59, 60, 61, 62, 63, 64, 65, 66, 67, 68, 69, 70]

S010C002P007R002A014: 62 frames missed: [11, 12, 13, 14, 15, 16, 17, 18, 19, 20, 21, 22, 23, 24, 25, 26, 27, 28, 29, 30, 31, 32, 33, 34, 35, 36, 37, 38, 39, 40, 41, 42, 43, 44, 45, 46, 47, 48, 49, 50, 51, 52, 53, 54, 55, 56, 57, 58, 59, 60, 61, 62, 63, 64, 65, 66, 67, 68, 69, 70, 71, 72]

S010C002P008R002A059: 31 frames missed: [0, 1, 2, 3, 4, 5, 6, 7, 8, 9, 10, 11, 12, 13, 14, 15, 16, 17, 18, 19, 20, 21, 22, 23, 24, 25, 26, 27, 28, 29, 30]

S010C002P008R002A060: 3 frames missed: [97, 98, 99]

S010C002P017R001A039: 28 frames missed: [0, 1, 2, 3, 4, 5, 6, 7, 8, 9, 10, 11, 12, 13, 14, 15, 16, 17, 18, 19, 20, 21, 22, 23, 24, 25, 26, 27]

S010C002P017R001A060: 32 frames missed: [0, 1, 2, 3, 4, 5, 6, 7, 8, 9, 10, 11, 12, 13, 14, 15, 16, 17, 18, 19, 20, 21, 22, 23, 24, 25, 26, 27, 28, 29, 30, 31]

S010C002P018R001A055: 24 frames missed: [34, 35, 36, 37, 38, 39, 40, 41, 42, 43, 44, 45, 46, 47, 48, 49, 50, 51, 52, 53, 54, 55, 56, 57]

S010C002P021R002A055: 8 frames missed: [36, 37, 38, 39, 40, 41, 42, 43]

S010C002P025R001A060: 10 frames missed: [32, 33, 34, 35, 36, 37, 38, 39, 40, 41]

S010C003P008R001A016: 10 frames missed: [112, 113, 114, 115, 116, 117, 118, 119, 120, 121]

S010C003P008R001A059: 50 frames missed: [0, 1, 2, 3, 4, 5, 6, 7, 8, 9, 10, 11, 12, 13, 14, 15, 16, 17, 18, 19, 20, 21, 22, 23, 24, 25, 26, 27, 28, 29, 30, 31, 32, 33, 34, 35, 36, 37, 38, 39, 40, 41, 42, 43, 44, 45, 46, 47, 48, 49]

S010C003P008R001A060: 1 frames missed: [97]

S010C003P008R002A059: 40 frames missed: [0, 1, 2, 3, 4, 5, 6, 7, 8, 9, 10, 11, 12, 13, 14, 15, 16, 17, 18, 19, 20, 21, 22, 23, 24, 25, 26, 27, 28, 29, 30, 31, 32, 33, 34, 35, 36, 37, 38, 39]

S010C003P019R002A055: 19 frames missed: [42, 43, 44, 45, 46, 47, 48, 49, 50, 51, 52, 53, 54, 55, 56, 57, 58, 59, 60]

S010C003P025R001A060: 5 frames missed: [30, 31, 32, 33, 34]

S011C001P007R001A060: 6 frames missed: [78, 79, 80, 81, 82, 83]

S011C001P007R002A060: 1 frames missed: [45]

S011C001P025R001A060: 10 frames missed: [95, 96, 97, 98, 99, 100, 101, 102, 103, 104]

S011C001P038R001A059: 9 frames missed: [0, 1, 2, 3, 4, 5, 6, 7, 8]

S011C002P001R001A060: 11 frames missed: [79, 80, 81, 82, 83, 84, 85, 86, 87, 88, 89]

S011C002P002R002A059: 31 frames missed: [0, 1, 2, 3, 4, 5, 6, 7, 8, 9, 10, 11, 12, 13, 14, 15, 16, 17, 18, 19, 20, 21, 22, 23, 24, 25, 26, 27, 28, 29, 30]

S011C002P007R002A059: 12 frames missed: [0, 1, 2, 3, 4, 5, 6, 7, 8, 9, 10, 11]

S011C002P007R002A060: 1 frames missed: [80]

S011C002P008R002A060: 17 frames missed: [83, 84, 85, 86, 87, 88, 89, 90, 91, 92, 93, 94, 95, 96, 97, 98, 99]

S011C002P019R001A014: 7 frames missed: [0, 1, 2, 3, 4, 5, 6]

S011C002P019R001A059: 27 frames missed: [0, 1, 2, 3, 4, 5, 6, 7, 8, 9, 10, 11, 12, 13, 14, 15, 16, 17, 18, 19, 20, 21, 22, 23, 24, 25, 26]

S011C002P019R001A060: 5 frames missed: [25, 26, 27, 28, 29]

S011C002P025R001A060: 51 frames missed: [15, 16, 17, 18, 19, 20, 21, 22, 23, 24, 25, 65, 66, 67, 68, 69, 70, 71, 72, 73, 74, 75, 76, 77, 78, 79, 80, 81, 82, 83, 84, 85, 86, 87, 88, 89, 90, 91, 92, 93, 94, 95, 96, 97, 98, 99, 100, 101, 102, 103, 104]

S011C002P027R001A008: 27 frames missed: [48, 49, 50, 51, 52, 53, 54, 55, 56, 57, 58, 59, 60, 61, 62, 63, 64, 65, 66, 67, 68, 69, 70, 71, 72, 73, 74]

S011C003P001R001A060: 22 frames missed: [67, 68, 69, 70, 71, 72, 73, 74, 75, 76, 77, 78, 79, 80, 81, 82, 83, 84, 85, 86, 87, 88]

S011C003P002R001A008: 6 frames missed: [33, 34, 35, 36, 37, 38]

S011C003P007R001A060: 3 frames missed: [81, 82, 83]

S011C003P008R002A060: 10 frames missed: [90, 91, 92, 93, 94, 95, 96, 97, 98, 99]

S011C003P018R001A060: 6 frames missed: [30, 31, 32, 33, 34, 35]

S011C003P019R001A059: 19 frames missed: [0, 1, 2, 3, 4, 5, 6, 7, 8, 9, 10, 11, 12, 13, 14, 15, 16, 17, 18]

S011C003P019R002A055: 18 frames missed: [44, 45, 46, 47, 48, 49, 50, 51, 52, 53, 54, 55, 56, 57, 58, 59, 60, 61]

S011C003P025R001A060: 4 frames missed: [100, 101, 102, 103]

S011C003P027R001A055: 18 frames missed: [16, 17, 18, 19, 20, 21, 22, 23, 24, 25, 26, 27, 28, 29, 30, 31, 32, 33]

S012C001P028R001A001: 1 frames missed: [1]

S012C001P028R001A009: 28 frames missed: [0, 1, 2, 3, 4, 5, 6, 7, 8, 9, 10, 11, 12, 13, 14, 15, 16, 17, 18, 19, 20, 21, 22, 23, 24, 25, 26, 27]

S012C001P028R002A060: 4 frames missed: [94, 95, 96, 97]

S012C002P007R002A059: 24 frames missed: [0, 1, 2, 3, 4, 5, 6, 7, 8, 9, 10, 11, 12, 13, 14, 15, 16, 17, 18, 19, 20, 21, 22, 23]

S012C002P007R002A060: 15 frames missed: [91, 92, 93, 94, 95, 96, 97, 98, 99, 100, 101, 102, 103, 104, 105]

S012C002P008R002A059: 29 frames missed: [0, 1, 2, 3, 4, 5, 6, 7, 8, 9, 10, 11, 12, 13, 14, 15, 16, 17, 18, 19, 20, 21, 22, 23, 24, 25, 26, 27, 28]

S012C002P008R002A060: 17 frames missed: [90, 91, 92, 93, 94, 95, 96, 97, 98, 99, 100, 101, 102, 103, 104, 105, 106]

S012C002P025R002A059: 22 frames missed: [0, 1, 2, 3, 4, 5, 6, 7, 8, 9, 10, 11, 12, 13, 14, 15, 16, 17, 18, 19, 20, 21]

S012C002P028R002A060: 15 frames missed: [83, 84, 85, 86, 87, 88, 89, 90, 91, 92, 93, 94, 95, 96, 97]

S012C002P037R002A055: 11 frames missed: [33, 34, 35, 36, 37, 38, 39, 40, 41, 42, 43]

S012C003P008R001A060: 1 frames missed: [110]

S012C003P008R002A006: 37 frames missed: [84, 85, 86, 87, 88, 89, 90, 91, 92, 93, 94, 95, 96, 97, 98, 99, 100, 101, 102, 103, 104, 105, 106, 107, 108, 109, 110, 111, 112, 113, 114, 115, 116, 117, 118, 119, 120]

S012C003P008R002A059: 25 frames missed: [0, 1, 2, 3, 4, 5, 6, 7, 8, 9, 10, 11, 12, 13, 14, 15, 16, 17, 18, 19, 20, 21, 22, 23, 24]

S012C003P008R002A060: 7 frames missed: [100, 101, 102, 103, 104, 105, 106]

S012C003P019R001A059: 19 frames missed: [0, 1, 2, 3, 4, 5, 6, 7, 8, 9, 10, 11, 12, 13, 14, 15, 16, 17, 18]

S012C003P019R001A060: 1 frames missed: [113]

S012C003P037R001A059: 31 frames missed: [0, 1, 2, 3, 4, 5, 6, 7, 8, 9, 10, 11, 12, 13, 14, 15, 16, 17, 18, 19, 20, 21, 22, 23, 24, 25, 26, 27, 28, 29, 30]

S012C003P037R001A060: 38 frames missed: [81, 82, 83, 84, 85, 86, 87, 88, 89, 90, 91, 92, 93, 94, 95, 96, 97, 98, 99, 100, 101, 102, 103, 104, 105, 106, 107, 108, 109, 110, 111, 112, 113, 114, 115, 116, 117, 118]

S012C003P037R002A055: 42 frames missed: [35, 36, 37, 38, 39, 40, 41, 42, 43, 44, 45, 46, 47, 48, 49, 50, 51, 52, 53, 54, 55, 56, 57, 58, 59, 60, 61, 62, 63, 64, 65, 66, 67, 68, 69, 70, 71, 72, 73, 74, 75, 76]

S013C001P018R002A001: 16 frames missed: [35, 36, 37, 38, 39, 40, 41, 42, 43, 44, 45, 46, 47, 48, 49, 50]

S013C002P025R002A060: 5 frames missed: [39, 40, 41, 42, 43]

S013C002P027R001A037: 54 frames missed: [0, 1, 2, 3, 4, 5, 6, 7, 8, 9, 10, 11, 12, 13, 14, 15, 16, 17, 18, 19, 20, 21, 22, 23, 24, 25, 26, 27, 28, 29, 30, 31, 32, 33, 34, 35, 36, 37, 38, 39, 40, 41, 42, 43, 44, 45, 46, 47, 48, 49, 50, 51, 52, 53]

S013C002P037R002A055: 6 frames missed: [52, 53, 54, 55, 56, 57]

S013C003P008R001A059: 45 frames missed: [0, 1, 2, 3, 4, 5, 6, 7, 8, 9, 10, 11, 12, 13, 14, 15, 16, 17, 18, 19, 20, 21, 22, 23, 24, 25, 26, 27, 28, 29, 30, 31, 32, 33, 34, 35, 36, 37, 38, 39, 40, 41, 42, 43, 44]

S013C003P008R001A060: 11 frames missed: [68, 69, 70, 71, 72, 73, 74, 75, 76, 77, 78]

S013C003P018R001A055: 6 frames missed: [49, 50, 51, 52, 53, 54]

S013C003P025R001A055: 13 frames missed: [39, 40, 41, 42, 43, 44, 45, 46, 47, 48, 49, 50, 51]

S013C003P025R001A059: 42 frames missed: [0, 1, 2, 3, 4, 5, 6, 7, 8, 9, 10, 11, 12, 13, 14, 15, 16, 17, 18, 19, 20, 21, 22, 23, 24, 25, 26, 27, 28, 29, 30, 31, 32, 33, 34, 35, 36, 37, 38, 39, 40, 41]

S013C003P025R002A059: 34 frames missed: [0, 1, 2, 3, 4, 5, 6, 7, 8, 9, 10, 11, 12, 13, 14, 15, 16, 17, 18, 19, 20, 21, 22, 23, 24, 25, 26, 27, 28, 29, 30, 31, 32, 33]

S013C003P025R002A060: 11 frames missed: [43, 44, 45, 46, 47, 48, 49, 50, 51, 52, 53]

S013C003P037R002A055: 16 frames missed: [42, 43, 44, 45, 46, 47, 48, 49, 50, 51, 52, 53, 54, 55, 56, 57]

S014C001P007R002A059: 51 frames missed: [0, 1, 2, 3, 4, 5, 6, 7, 8, 9, 10, 11, 12, 13, 14, 15, 16, 17, 18, 19, 20, 21, 22, 23, 24, 25, 26, 27, 28, 29, 30, 31, 32, 33, 34, 35, 36, 37, 38, 39, 40, 41, 42, 43, 44, 45, 46, 47, 48, 49, 50]

S014C001P007R002A060: 6 frames missed: [90, 91, 92, 93, 94, 95]

S014C001P008R002A060: 27 frames missed: [73, 74, 75, 76, 77, 78, 79, 80, 81, 82, 83, 84, 85, 86, 87, 88, 89, 90, 91, 92, 93, 94, 95, 96, 97, 98, 99]

S014C001P025R002A060: 7 frames missed: [32, 33, 34, 35, 36, 37, 38]

S014C001P039R001A059: 63 frames missed: [0, 1, 2, 3, 4, 5, 6, 7, 8, 9, 10, 11, 12, 13, 14, 15, 16, 17, 18, 19, 20, 21, 22, 23, 24, 25, 26, 27, 28, 29, 30, 31, 32, 33, 34, 35, 36, 37, 38, 39, 40, 41, 42, 43, 44, 45, 46, 47, 48, 49, 50, 51, 52, 53, 54, 55, 56, 57, 58, 59, 60, 61, 62]

S014C002P007R001A002: 10 frames missed: [0, 1, 2, 3, 4, 5, 6, 7, 8, 9]

S014C002P007R002A059: 30 frames missed: [10, 11, 12, 13, 14, 15, 16, 17, 18, 19, 20, 21, 22, 23, 24, 25, 26, 27, 28, 29, 30, 31, 32, 33, 34, 35, 36, 37, 38, 39]

S014C002P008R002A043: 28 frames missed: [50, 51, 52, 53, 54, 55, 56, 57, 58, 59, 60, 61, 62, 63, 64, 65, 66, 67, 68, 69, 70, 71, 72, 73, 74, 75, 76, 77]

S014C002P008R002A059: 52 frames missed: [10, 11, 12, 13, 14, 15, 16, 17, 18, 19, 20, 21, 22, 23, 24, 25, 26, 27, 28, 29, 30, 31, 32, 33, 34, 35, 36, 37, 38, 39, 40, 41, 42, 43, 44, 45, 46, 47, 48, 49, 50, 51, 52, 53, 54, 55, 56, 57, 58, 59, 60, 61]

S014C002P019R002A059: 43 frames missed: [0, 1, 2, 3, 4, 5, 6, 7, 8, 9, 10, 11, 12, 13, 14, 15, 16, 17, 18, 19, 20, 21, 22, 23, 24, 25, 26, 27, 28, 29, 30, 31, 32, 33, 34, 35, 36, 37, 38, 39, 40, 41, 42]

S014C002P027R002A059: 54 frames missed: [0, 1, 2, 3, 4, 5, 6, 7, 8, 9, 10, 11, 12, 13, 14, 15, 16, 17, 18, 19, 20, 21, 22, 23, 24, 25, 26, 27, 28, 29, 30, 31, 32, 33, 34, 35, 36, 37, 38, 39, 40, 41, 42, 43, 44, 45, 46, 47, 48, 49, 50, 51, 52, 53]

S014C002P027R002A060: 33 frames missed: [0, 1, 2, 3, 4, 5, 6, 7, 8, 9, 10, 11, 12, 13, 14, 15, 16, 17, 18, 19, 20, 21, 22, 23, 24, 25, 26, 27, 28, 29, 30, 31, 96]

S014C002P037R002A059: 56 frames missed: [0, 1, 2, 3, 4, 5, 6, 7, 8, 9, 10, 11, 12, 13, 14, 15, 16, 17, 18, 19, 20, 21, 22, 23, 24, 25, 26, 27, 28, 29, 30, 31, 32, 33, 34, 35, 36, 37, 38, 39, 40, 41, 42, 43, 44, 45, 46, 47, 48, 49, 50, 51, 52, 53, 54, 55]

S014C002P039R002A055: 21 frames missed: [36, 37, 38, 39, 40, 41, 42, 43, 44, 45, 46, 47, 48, 49, 50, 51, 52, 53, 54, 55, 56]

S014C003P008R002A059: 33 frames missed: [16, 17, 18, 19, 20, 21, 22, 23, 24, 25, 26, 27, 28, 29, 30, 31, 32, 33, 34, 35, 36, 37, 38, 39, 40, 41, 42, 43, 44, 45, 46, 47, 48]

S014C003P008R002A060: 8 frames missed: [92, 93, 94, 95, 96, 97, 98, 99]

S014C003P017R002A008: 5 frames missed: [59, 60, 61, 62, 63]

S014C003P025R002A059: 54 frames missed: [0, 1, 2, 3, 4, 5, 6, 7, 8, 9, 10, 11, 12, 13, 14, 15, 16, 17, 18, 19, 20, 21, 22, 23, 24, 25, 26, 27, 28, 29, 30, 31, 32, 33, 34, 35, 36, 37, 38, 39, 40, 41, 42, 43, 44, 45, 46, 47, 48, 49, 50, 51, 52, 53]

S014C003P027R001A055: 37 frames missed: [34, 35, 36, 37, 38, 39, 40, 41, 42, 43, 44, 45, 46, 47, 48, 49, 50, 51, 52, 53, 54, 55, 56, 57, 58, 59, 60, 61, 62, 63, 64, 65, 66, 67, 68, 69, 70]

S014C003P037R002A059: 47 frames missed: [0, 1, 2, 3, 4, 5, 6, 7, 8, 9, 10, 11, 12, 13, 14, 15, 16, 17, 18, 19, 20, 21, 22, 23, 24, 25, 26, 27, 28, 29, 30, 31, 32, 33, 34, 35, 36, 37, 38, 39, 40, 41, 42, 43, 44, 45, 46]

S015C001P007R001A059: 53 frames missed: [0, 1, 2, 3, 4, 5, 6, 7, 8, 9, 10, 11, 12, 13, 14, 15, 16, 17, 18, 19, 20, 21, 22, 23, 24, 25, 26, 27, 28, 29, 30, 31, 32, 33, 34, 35, 36, 37, 38, 39, 40, 41, 42, 43, 44, 45, 46, 47, 48, 49, 50, 51, 52]

S015C001P008R001A060: 8 frames missed: [95, 96, 97, 98, 99, 100, 101, 102]

S015C001P008R002A059: 30 frames missed: [0, 1, 2, 3, 4, 5, 6, 7, 8, 9, 10, 11, 12, 13, 14, 15, 16, 17, 18, 19, 20, 21, 22, 23, 24, 25, 26, 27, 28, 29]

S015C001P016R002A060: 22 frames missed: [0, 1, 2, 3, 4, 5, 6, 7, 8, 9, 10, 11, 12, 13, 14, 15, 16, 17, 18, 19, 20, 21]

S015C001P017R001A060: 6 frames missed: [40, 41, 42, 43, 44, 45]

S015C001P019R001A055: 19 frames missed: [37, 38, 39, 40, 41, 42, 43, 44, 45, 46, 47, 48, 49, 50, 51, 52, 53, 54, 55]

S015C001P025R001A055: 22 frames missed: [39, 40, 41, 42, 43, 44, 45, 46, 47, 48, 49, 50, 51, 52, 53, 54, 55, 56, 57, 58, 59, 60]

S015C001P037R001A055: 26 frames missed: [35, 36, 37, 38, 39, 40, 41, 42, 43, 44, 45, 46, 47, 48, 49, 50, 51, 52, 53, 54, 55, 56, 57, 58, 59, 60]

S015C002P007R002A059: 59 frames missed: [0, 1, 2, 3, 4, 5, 6, 7, 8, 9, 10, 11, 12, 13, 14, 15, 16, 17, 18, 19, 20, 21, 22, 23, 24, 25, 26, 27, 28, 29, 30, 31, 32, 33, 34, 35, 36, 37, 38, 39, 40, 41, 42, 43, 44, 45, 46, 47, 48, 49, 50, 51, 52, 53, 54, 55, 56, 57, 58]

S015C002P008R002A055: 19 frames missed: [45, 46, 47, 48, 49, 50, 51, 52, 53, 54, 55, 56, 57, 58, 59, 60, 61, 62, 63]

S015C002P008R002A059: 52 frames missed: [0, 1, 2, 3, 4, 5, 6, 7, 8, 9, 10, 11, 12, 13, 14, 15, 16, 17, 18, 19, 20, 21, 22, 23, 24, 25, 26, 27, 28, 29, 30, 31, 32, 33, 34, 35, 36, 37, 38, 39, 40, 41, 42, 43, 44, 45, 46, 47, 48, 49, 50, 51]

S015C002P015R002A059: 32 frames missed: [0, 1, 2, 3, 4, 5, 6, 7, 8, 9, 10, 11, 12, 13, 14, 15, 16, 17, 18, 19, 20, 21, 22, 23, 24, 25, 26, 27, 28, 29, 30, 31]

S015C002P015R002A060: 3 frames missed: [89, 90, 91]

S015C002P019R001A060: 70 frames missed: [39, 40, 41, 42, 43, 44, 45, 46, 47, 48, 49, 50, 51, 52, 53, 54, 55, 56, 57, 58, 59, 60, 61, 62, 63, 64, 65, 66, 67, 68, 69, 70, 71, 72, 73, 74, 75, 76, 77, 78, 79, 80, 81, 82, 83, 84, 85, 86, 87, 88, 89, 90, 91, 92, 93, 94, 95, 96, 97, 98, 99, 100, 101, 102, 103, 104, 105, 106, 107, 108]

S015C002P025R002A055: 7 frames missed: [38, 39, 40, 41, 42, 43, 44]

S015C002P025R002A059: 36 frames missed: [0, 1, 2, 3, 4, 5, 6, 7, 8, 9, 10, 11, 12, 13, 14, 15, 16, 17, 18, 19, 20, 21, 22, 23, 24, 25, 26, 27, 28, 29, 30, 31, 32, 33, 34, 35]

S015C002P037R001A060: 6 frames missed: [40, 41, 42, 43, 44, 45]

S015C003P007R001A059: 32 frames missed: [0, 1, 2, 3, 4, 5, 6, 7, 8, 9, 10, 11, 12, 13, 14, 15, 16, 17, 18, 19, 20, 21, 22, 23, 24, 25, 26, 27, 28, 29, 30, 31]

S015C003P008R002A013: 27 frames missed: [0, 1, 2, 3, 4, 5, 6, 7, 8, 9, 10, 11, 12, 13, 14, 15, 16, 17, 18, 19, 20, 21, 22, 23, 24, 25, 26]

S015C003P015R002A008: 19 frames missed: [36, 37, 38, 39, 40, 41, 42, 43, 44, 45, 46, 47, 48, 49, 50, 51, 52, 53, 54]

S015C003P016R002A008: 2 frames missed: [52, 53]

S015C003P037R001A055: 27 frames missed: [33, 34, 35, 36, 37, 38, 39, 40, 41, 42, 43, 44, 45, 46, 47, 48, 49, 50, 51, 52, 53, 54, 55, 56, 57, 58, 59]

S016C001P007R002A008: 4 frames missed: [50, 51, 52, 53]

S016C001P008R001A060: 13 frames missed: [92, 93, 94, 95, 96, 97, 98, 99, 100, 101, 102, 103, 104]

S016C001P008R002A059: 42 frames missed: [0, 1, 2, 3, 4, 5, 6, 7, 8, 9, 10, 11, 12, 13, 14, 15, 16, 17, 18, 19, 20, 21, 22, 23, 24, 25, 26, 27, 28, 29, 30, 31, 32, 33, 34, 35, 36, 37, 38, 39, 40, 41]

S016C001P019R001A014: 3 frames missed: [0, 1, 2]

S016C001P019R002A011: 29 frames missed: [44, 45, 46, 47, 48, 49, 50, 51, 52, 53, 54, 55, 56, 57, 58, 59, 60, 61, 62, 63, 64, 65, 66, 67, 68, 69, 70, 71, 72]

S016C002P007R002A059: 57 frames missed: [0, 1, 2, 3, 4, 5, 6, 7, 8, 9, 10, 11, 12, 13, 14, 15, 16, 17, 18, 19, 20, 21, 22, 23, 24, 25, 26, 27, 28, 29, 30, 31, 32, 33, 34, 35, 36, 37, 38, 39, 40, 41, 42, 43, 44, 45, 46, 47, 48, 49, 50, 51, 52, 53, 54, 55, 56]

S016C002P007R002A060: 9 frames missed: [95, 96, 97, 98, 99, 100, 101, 102, 103]

S016C002P008R001A013: 10 frames missed: [101, 102, 103, 104, 105, 106, 107, 108, 109, 110]

S016C002P008R001A014: 38 frames missed: [0, 1, 2, 3, 4, 5, 6, 7, 8, 9, 10, 11, 12, 13, 14, 15, 16, 17, 18, 19, 20, 21, 22, 23, 24, 25, 26, 27, 28, 29, 30, 31, 32, 33, 34, 35, 36, 37]

S016C002P008R001A060: 21 frames missed: [11, 12, 13, 14, 15, 16, 17, 18, 19, 20, 21, 22, 23, 24, 25, 26, 27, 28, 29, 30, 31]

S016C002P008R002A059: 60 frames missed: [0, 1, 2, 3, 4, 5, 6, 7, 8, 9, 10, 11, 12, 13, 14, 15, 16, 17, 18, 19, 20, 21, 22, 23, 24, 25, 26, 27, 28, 29, 30, 31, 32, 33, 34, 35, 36, 37, 38, 39, 40, 41, 42, 43, 44, 45, 46, 47, 48, 49, 50, 51, 52, 53, 54, 55, 56, 57, 58, 59]

S016C002P021R002A059: 78 frames missed: [0, 1, 2, 3, 4, 5, 6, 7, 8, 9, 10, 11, 12, 13, 14, 15, 16, 17, 18, 19, 20, 21, 22, 23, 24, 25, 26, 27, 28, 29, 30, 31, 32, 33, 34, 35, 36, 37, 38, 39, 40, 41, 42, 43, 44, 45, 46, 47, 48, 49, 50, 51, 52, 53, 54, 55, 56, 57, 58, 59, 60, 61, 62, 63, 64, 65, 66, 67, 68, 69, 70, 71, 72, 73, 74, 75, 76, 77]

S016C002P021R002A060: 17 frames missed: [94, 95, 96, 97, 98, 99, 100, 101, 102, 103, 104, 105, 106, 107, 108, 109, 110]

S016C002P025R002A059: 47 frames missed: [0, 1, 2, 3, 4, 5, 6, 7, 8, 9, 10, 11, 12, 13, 14, 15, 16, 17, 18, 19, 20, 21, 22, 23, 24, 25, 26, 27, 28, 29, 30, 31, 32, 33, 34, 35, 36, 37, 38, 39, 40, 41, 42, 43, 44, 45, 46]

S016C002P039R002A055: 25 frames missed: [37, 38, 39, 40, 41, 42, 43, 44, 45, 46, 47, 48, 49, 50, 51, 52, 53, 54, 55, 56, 57, 58, 59, 60, 61]

S016C002P039R002A057: 31 frames missed: [76, 77, 78, 79, 80, 81, 82, 83, 84, 85, 86, 87, 88, 89, 90, 91, 92, 93, 94, 95, 96, 97, 98, 99, 100, 101, 102, 103, 104, 105, 106]

S016C002P040R001A009: 19 frames missed: [41, 42, 43, 44, 45, 46, 47, 48, 49, 50, 51, 52, 53, 54, 55, 56, 57, 58, 59]

S016C002P040R002A055: 12 frames missed: [33, 34, 35, 36, 37, 38, 39, 40, 41, 42, 43, 44]

S016C002P040R002A059: 32 frames missed: [0, 1, 2, 3, 4, 5, 6, 7, 8, 9, 10, 11, 12, 13, 14, 15, 16, 17, 18, 19, 20, 21, 22, 23, 24, 25, 26, 27, 28, 29, 30, 31]

S016C002P040R002A060: 56 frames missed: [0, 1, 2, 3, 4, 5, 6, 7, 8, 9, 10, 11, 12, 13, 14, 15, 16, 17, 18, 19, 20, 21, 22, 23, 24, 25, 26, 27, 28, 29, 30, 31, 32, 98, 99, 100, 101, 102, 103, 104, 105, 106, 107, 108, 109, 110, 111, 112, 113, 114, 115, 116, 117, 118, 119, 120]

S016C003P007R001A005: 8 frames missed: [28, 29, 30, 31, 32, 33, 34, 35]

S016C003P007R001A059: 58 frames missed: [0, 1, 2, 3, 4, 5, 6, 7, 8, 9, 10, 11, 12, 13, 14, 15, 16, 17, 18, 19, 20, 21, 22, 23, 24, 25, 26, 27, 28, 29, 30, 31, 32, 33, 34, 35, 36, 37, 38, 39, 40, 41, 42, 43, 44, 45, 46, 47, 48, 49, 50, 51, 52, 53, 54, 55, 56, 57]

S016C003P007R001A060: 1 frames missed: [98]

S016C003P019R001A059: 62 frames missed: [0, 1, 2, 3, 4, 5, 6, 7, 8, 9, 10, 11, 12, 13, 14, 15, 16, 17, 18, 19, 20, 21, 22, 23, 24, 25, 26, 27, 28, 29, 30, 31, 32, 33, 34, 35, 36, 37, 38, 39, 40, 41, 42, 43, 44, 45, 46, 47, 48, 49, 50, 51, 52, 53, 54, 55, 56, 57, 58, 59, 60, 61]

S016C003P019R001A060: 6 frames missed: [106, 107, 108, 109, 110, 111]

S016C003P021R001A055: 6 frames missed: [38, 39, 40, 41, 42, 43]

S016C003P021R001A059: 73 frames missed: [0, 1, 2, 3, 4, 5, 6, 7, 8, 9, 10, 11, 12, 13, 14, 15, 16, 17, 18, 19, 20, 21, 22, 23, 24, 25, 26, 27, 28, 29, 30, 31, 32, 33, 34, 35, 36, 37, 38, 39, 40, 41, 42, 43, 44, 45, 46, 47, 48, 49, 50, 51, 52, 53, 54, 55, 56, 57, 58, 59, 60, 61, 62, 63, 64, 65, 66, 67, 68, 69, 70, 71, 72]

S016C003P039R002A043: 14 frames missed: [48, 49, 50, 51, 52, 53, 54, 55, 56, 57, 58, 59, 60, 61]

S017C002P003R002A059: 50 frames missed: [0, 1, 2, 3, 4, 5, 6, 7, 8, 9, 10, 11, 12, 13, 14, 15, 16, 17, 18, 19, 20, 21, 22, 23, 24, 25, 26, 27, 28, 29, 30, 31, 32, 33, 34, 35, 36, 37, 38, 39, 40, 41, 42, 43, 44, 45, 46, 47, 48, 49]

S017C002P003R002A060: 3 frames missed: [102, 103, 104]

S017C002P007R002A059: 70 frames missed: [0, 1, 2, 3, 4, 5, 6, 7, 8, 9, 10, 11, 12, 13, 14, 15, 16, 17, 18, 19, 20, 21, 22, 23, 24, 25, 26, 27, 28, 29, 30, 31, 32, 33, 34, 35, 36, 37, 38, 39, 40, 41, 42, 43, 44, 45, 46, 47, 48, 49, 50, 51, 52, 53, 54, 55, 56, 57, 58, 59, 60, 61, 62, 63, 64, 65, 66, 67, 68, 69]

S017C002P008R001A008: 13 frames missed: [57, 58, 59, 60, 61, 62, 63, 64, 65, 66, 67, 68, 69]

S017C002P008R002A059: 62 frames missed: [0, 1, 2, 3, 4, 5, 6, 7, 8, 9, 10, 11, 12, 13, 14, 15, 16, 17, 18, 19, 20, 21, 22, 23, 24, 25, 26, 27, 28, 29, 30, 31, 32, 33, 34, 35, 36, 37, 38, 39, 40, 41, 42, 43, 44, 45, 46, 47, 48, 49, 50, 51, 52, 53, 54, 55, 56, 57, 58, 59, 60, 61]

S017C002P009R001A060: 8 frames missed: [109, 110, 111, 112, 113, 114, 115, 116]

S017C002P009R002A059: 36 frames missed: [0, 1, 2, 3, 4, 5, 6, 7, 8, 9, 10, 11, 12, 13, 14, 15, 16, 17, 18, 19, 20, 21, 22, 23, 24, 25, 26, 27, 28, 29, 30, 31, 32, 33, 34, 35]

S017C002P009R002A060: 9 frames missed: [87, 88, 89, 90, 91, 92, 93, 94, 95]

S017C002P015R002A059: 44 frames missed: [0, 1, 2, 3, 4, 5, 6, 7, 8, 9, 10, 11, 12, 13, 14, 15, 16, 17, 18, 19, 20, 21, 22, 23, 24, 25, 26, 27, 28, 29, 30, 31, 32, 33, 34, 35, 36, 37, 38, 39, 40, 41, 42, 43]

S017C002P015R002A060: 3 frames missed: [89, 90, 91]

S017C002P016R001A055: 20 frames missed: [33, 34, 35, 36, 37, 38, 39, 40, 41, 42, 43, 44, 45, 46, 47, 48, 49, 50, 51, 52]

S017C002P017R001A008: 12 frames missed: [58, 59, 60, 61, 62, 63, 64, 65, 66, 67, 68, 69]

S017C002P017R002A059: 31 frames missed: [0, 1, 2, 3, 4, 5, 6, 7, 8, 9, 10, 11, 12, 13, 14, 15, 16, 17, 18, 19, 20, 21, 22, 23, 24, 25, 26, 27, 28, 29, 30]

S017C002P017R002A060: 7 frames missed: [99, 100, 101, 102, 103, 104, 105]

S017C002P020R001A059: 63 frames missed: [0, 1, 2, 3, 4, 5, 6, 7, 8, 9, 10, 11, 12, 13, 14, 15, 16, 17, 18, 19, 20, 21, 22, 23, 24, 25, 26, 27, 28, 29, 30, 31, 32, 33, 34, 35, 36, 37, 38, 39, 40, 41, 42, 43, 44, 45, 46, 47, 48, 49, 50, 51, 52, 53, 54, 55, 56, 57, 58, 59, 60, 61, 62]

S017C002P020R002A059: 49 frames missed: [0, 1, 2, 3, 4, 5, 6, 7, 8, 9, 10, 11, 12, 13, 14, 15, 16, 17, 18, 19, 20, 21, 22, 23, 24, 25, 26, 27, 28, 29, 30, 31, 32, 33, 34, 35, 36, 37, 38, 39, 40, 41, 42, 43, 44, 45, 46, 47, 48]

S017C003P003R001A059: 44 frames missed: [0, 1, 2, 3, 4, 5, 6, 7, 8, 9, 10, 11, 12, 13, 14, 15, 16, 17, 18, 19, 20, 21, 22, 23, 24, 25, 26, 27, 28, 29, 30, 31, 32, 33, 34, 35, 36, 37, 38, 39, 40, 41, 42, 43]

S017C003P003R001A060: 7 frames missed: [96, 97, 98, 99, 100, 101, 102]

S017C003P007R002A059: 30 frames missed: [17, 18, 19, 20, 21, 22, 23, 24, 25, 26, 27, 28, 29, 30, 31, 32, 33, 34, 35, 36, 37, 38, 39, 40, 41, 42, 43, 44, 45, 46]

S017C003P009R001A059: 39 frames missed: [0, 1, 2, 3, 4, 5, 6, 7, 8, 9, 10, 11, 12, 13, 14, 15, 16, 17, 18, 19, 20, 21, 22, 23, 24, 25, 26, 27, 28, 29, 30, 31, 32, 33, 34, 35, 36, 37, 38]

S017C003P009R001A060: 12 frames missed: [104, 105, 106, 107, 108, 109, 110, 111, 112, 113, 114, 115]

S017C003P020R001A060: 6 frames missed: [111, 112, 113, 114, 115, 116]

S018C002P042R002A092: 14 frames missed: [104, 105, 106, 107, 108, 109, 110, 111, 112, 113, 114, 115, 116, 117]

S018C002P045R001A119: 36 frames missed: [42, 43, 44, 45, 46, 47, 48, 49, 50, 51, 52, 53, 54, 55, 56, 57, 58, 59, 60, 61, 62, 63, 64, 65, 66, 67, 68, 69, 70, 71, 72, 73, 74, 75, 76, 77]

S018C003P042R002A092: 53 frames missed: [66, 67, 68, 69, 70, 71, 72, 73, 74, 75, 76, 77, 78, 79, 80, 81, 82, 83, 84, 85, 86, 87, 88, 89, 90, 91, 92, 93, 94, 95, 96, 97, 98, 99, 100, 101, 102, 103, 104, 105, 106, 107, 108, 109, 110, 111, 112, 113, 114, 115, 116, 117, 118]

S018C003P042R002A119: 50 frames missed: [46, 47, 48, 49, 50, 51, 52, 53, 54, 55, 56, 57, 58, 59, 60, 61, 62, 63, 64, 65, 66, 67, 68, 69, 70, 71, 72, 73, 74, 75, 76, 77, 78, 79, 80, 81, 82, 83, 84, 85, 86, 87, 88, 89, 90, 91, 92, 93, 94, 95]

S018C003P043R001A120: 30 frames missed: [0, 1, 2, 3, 4, 5, 6, 7, 8, 9, 10, 11, 12, 13, 14, 15, 16, 17, 18, 19, 20, 21, 22, 23, 24, 25, 26, 27, 28, 29]

S019C001P008R001A119: 2 frames missed: [63, 64]

S019C001P042R001A064: 4 frames missed: [0, 1, 2, 3]

S019C001P046R001A076: 39 frames missed: [0, 1, 2, 3, 4, 5, 6, 7, 8, 9, 10, 11, 12, 13, 14, 15, 16, 17, 18, 19, 20, 21, 22, 23, 24, 25, 26, 27, 28, 29, 30, 31, 32, 33, 34, 35, 36, 37, 38]

S019C002P008R001A119: 19 frames missed: [50, 51, 52, 53, 54, 55, 56, 57, 58, 59, 60, 61, 62, 63, 64, 65, 66, 67, 68]

S019C002P041R001A119: 9 frames missed: [73, 74, 75, 76, 77, 78, 79, 80, 81]

S019C002P042R001A067: 32 frames missed: [0, 1, 2, 3, 4, 5, 6, 7, 8, 9, 10, 11, 12, 13, 14, 15, 16, 17, 18, 19, 20, 21, 22, 23, 24, 25, 26, 27, 28, 29, 30, 31]

S019C002P042R002A119: 34 frames missed: [67, 68, 69, 70, 71, 72, 73, 74, 75, 76, 77, 78, 79, 80, 81, 82, 83, 84, 85, 86, 87, 88, 89, 90, 91, 92, 93, 94, 95, 96, 97, 98, 99, 100]

S019C002P046R002A074: 55 frames missed: [0, 1, 2, 3, 4, 5, 6, 7, 8, 9, 10, 11, 12, 13, 14, 15, 16, 17, 18, 19, 20, 21, 22, 23, 24, 25, 26, 27, 28, 29, 30, 31, 32, 33, 34, 35, 36, 37, 38, 39, 40, 41, 42, 43, 44, 45, 46, 47, 48, 49, 50, 51, 52, 53, 54]

S019C002P046R002A114: 63 frames missed: [80, 81, 82, 83, 84, 85, 86, 87, 88, 89, 90, 91, 92, 93, 94, 95, 96, 97, 98, 99, 100, 101, 102, 103, 104, 105, 106, 107, 108, 109, 110, 111, 112, 113, 114, 115, 116, 117, 118, 119, 120, 121, 122, 123, 124, 125, 126, 127, 128, 129, 130, 131, 132, 133, 134, 135, 136, 137, 138, 139, 140, 141, 142]

S019C002P046R002A119: 30 frames missed: [53, 54, 55, 56, 57, 58, 59, 60, 61, 62, 63, 64, 65, 66, 67, 68, 69, 70, 71, 72, 73, 74, 75, 76, 77, 78, 79, 80, 81, 82]

S019C002P047R002A092: 18 frames missed: [87, 88, 89, 90, 91, 92, 93, 94, 95, 96, 97, 98, 99, 100, 101, 102, 103, 104]

S019C002P048R001A119: 15 frames missed: [69, 70, 71, 72, 73, 74, 75, 76, 77, 78, 79, 80, 81, 82, 83]

S019C002P051R002A119: 7 frames missed: [68, 69, 70, 71, 72, 73, 74]

S019C003P042R002A092: 16 frames missed: [71, 72, 73, 74, 75, 76, 77, 78, 79, 80, 81, 82, 83, 84, 85, 86]

S019C003P046R001A119: 11 frames missed: [62, 63, 64, 65, 66, 67, 68, 69, 70, 71, 72]

S019C003P047R002A119: 9 frames missed: [73, 74, 75, 76, 77, 78, 79, 80, 81]

S019C003P048R002A065: 25 frames missed: [0, 1, 2, 3, 4, 5, 6, 7, 8, 9, 10, 11, 12, 13, 14, 15, 16, 17, 18, 19, 20, 21, 22, 23, 24]

S019C003P048R002A119: 3 frames missed: [73, 74, 75]

S019C003P049R001A114: 11 frames missed: [97, 98, 99, 100, 101, 102, 103, 104, 105, 106, 107]

S019C003P049R002A119: 9 frames missed: [87, 88, 89, 90, 91, 92, 93, 94, 95]

S019C003P051R002A119: 10 frames missed: [63, 64, 65, 66, 67, 68, 69, 70, 71, 72]

S020C002P008R001A119: 17 frames missed: [55, 56, 57, 58, 59, 60, 61, 62, 63, 64, 65, 66, 67, 68, 69, 70, 71]

S020C002P043R001A119: 19 frames missed: [42, 43, 44, 45, 46, 47, 48, 49, 50, 51, 52, 53, 54, 55, 56, 57, 58, 59, 60]

S021C001P059R002A106: 65 frames missed: [0, 1, 2, 3, 4, 5, 6, 7, 8, 9, 10, 11, 12, 13, 14, 15, 16, 17, 18, 19, 20, 21, 22, 23, 24, 25, 26, 27, 28, 29, 30, 31, 32, 33, 34, 35, 36, 37, 38, 39, 40, 41, 42, 43, 44, 45, 46, 47, 48, 49, 50, 51, 52, 53, 54, 55, 56, 57, 58, 59, 60, 61, 62, 63, 64]

S021C001P060R001A119: 24 frames missed: [51, 52, 53, 54, 55, 56, 57, 58, 59, 60, 61, 62, 63, 64, 65, 66, 67, 68, 69, 70, 71, 72, 73, 74]

S022C001P063R001A108: 1 frames missed: [48]

S022C001P063R001A109: 5 frames missed: [0, 1, 2, 3, 4]

S022C001P063R002A119: 10 frames missed: [73, 74, 75, 76, 77, 78, 79, 80, 81, 82]

S022C001P064R001A119: 10 frames missed: [64, 65, 66, 67, 68, 69, 70, 71, 72, 73]

S022C001P064R002A119: 5 frames missed: [58, 59, 60, 61, 62]

S022C002P066R001A119: 41 frames missed: [30, 31, 32, 33, 34, 35, 36, 37, 38, 39, 40, 41, 42, 43, 44, 45, 46, 47, 48, 49, 50, 51, 52, 53, 54, 55, 56, 57, 58, 59, 60, 61, 62, 63, 64, 65, 66, 67, 68, 69, 70]

S022C003P061R001A108: 40 frames missed: [0, 1, 2, 3, 4, 5, 6, 7, 8, 9, 10, 11, 12, 13, 14, 15, 16, 17, 18, 19, 20, 21, 22, 23, 24, 25, 26, 27, 28, 29, 30, 31, 32, 33, 34, 35, 36, 37, 38, 39]

S022C003P063R001A119: 18 frames missed: [66, 67, 68, 69, 70, 71, 72, 73, 74, 75, 76, 77, 78, 79, 80, 81, 82, 83]

S022C003P064R001A119: 51 frames missed: [51, 52, 53, 54, 55, 56, 57, 58, 59, 60, 61, 62, 63, 64, 65, 66, 67, 68, 69, 70, 71, 72, 73, 74, 75, 76, 77, 78, 79, 80, 81, 82, 83, 84, 85, 86, 87, 88, 89, 90, 91, 92, 93, 94, 95, 96, 97, 98, 99, 100, 101]

S022C003P064R002A112: 42 frames missed: [0, 1, 2, 3, 4, 5, 6, 7, 8, 9, 10, 11, 12, 13, 14, 15, 16, 17, 18, 19, 20, 21, 22, 23, 24, 25, 26, 27, 28, 29, 30, 31, 32, 33, 34, 35, 36, 37, 38, 39, 40, 41]

S022C003P064R002A119: 57 frames missed: [31, 32, 33, 34, 35, 36, 37, 38, 39, 40, 41, 42, 43, 44, 45, 46, 47, 48, 49, 50, 51, 52, 53, 54, 55, 56, 57, 58, 59, 60, 61, 62, 63, 64, 65, 66, 67, 68, 69, 70, 71, 72, 73, 74, 75, 76, 77, 78, 79, 80, 81, 82, 83, 84, 85, 86, 87]

S022C003P066R002A119: 58 frames missed: [41, 42, 43, 44, 45, 46, 47, 48, 49, 50, 51, 52, 53, 54, 55, 56, 57, 58, 59, 60, 61, 62, 63, 64, 65, 66, 67, 68, 69, 70, 71, 72, 73, 74, 75, 76, 77, 78, 79, 80, 81, 82, 83, 84, 85, 86, 87, 88, 89, 90, 91, 92, 93, 94, 95, 96, 97, 98]

S023C001P057R001A108: 2 frames missed: [43, 44]

S023C001P063R001A119: 10 frames missed: [43, 44, 45, 46, 47, 48, 49, 50, 51, 52]

S023C001P064R002A119: 10 frames missed: [50, 51, 52, 53, 54, 55, 56, 57, 58, 59]

S023C001P066R001A108: 3 frames missed: [0, 1, 2]

S023C001P068R001A114: 6 frames missed: [72, 73, 74, 75, 76, 77]

S023C002P055R002A119: 50 frames missed: [17, 18, 19, 20, 21, 22, 23, 24, 25, 26, 27, 28, 29, 30, 31, 32, 33, 34, 35, 36, 37, 38, 39, 40, 41, 42, 43, 44, 45, 46, 47, 48, 49, 50, 51, 52, 53, 54, 55, 56, 57, 58, 59, 60, 61, 62, 63, 64, 65, 66]

S023C002P063R002A108: 18 frames missed: [29, 30, 31, 32, 33, 34, 35, 36, 37, 38, 39, 40, 41, 42, 43, 44, 45, 46]

S023C002P064R001A119: 51 frames missed: [38, 39, 40, 41, 42, 43, 44, 45, 46, 47, 48, 49, 50, 51, 52, 53, 54, 55, 56, 57, 58, 59, 60, 61, 62, 63, 64, 65, 66, 67, 68, 69, 70, 71, 72, 73, 74, 75, 76, 77, 78, 79, 80, 81, 82, 83, 84, 85, 86, 87, 88]

S023C002P065R002A119: 39 frames missed: [31, 32, 33, 34, 35, 36, 37, 38, 39, 40, 41, 42, 43, 44, 45, 46, 47, 48, 49, 50, 51, 52, 53, 54, 55, 56, 57, 58, 59, 60, 61, 62, 63, 64, 65, 66, 67, 68, 69]

S023C002P066R001A119: 42 frames missed: [26, 27, 28, 29, 30, 31, 32, 33, 34, 35, 36, 37, 38, 39, 40, 41, 42, 43, 44, 45, 46, 47, 48, 49, 50, 51, 52, 53, 54, 55, 56, 57, 58, 59, 60, 61, 62, 63, 64, 65, 66, 67]

S023C002P068R002A117: 1 frames missed: [37]

S023C003P055R001A119: 45 frames missed: [29, 30, 31, 32, 33, 34, 35, 36, 37, 38, 39, 40, 41, 42, 43, 44, 45, 46, 47, 48, 49, 50, 51, 52, 53, 54, 55, 56, 57, 58, 59, 60, 61, 62, 63, 64, 65, 66, 67, 68, 69, 70, 71, 72, 73]

S023C003P057R002A119: 9 frames missed: [63, 64, 65, 66, 67, 68, 69, 70, 71]

S023C003P060R001A119: 28 frames missed: [68, 69, 70, 71, 72, 73, 74, 75, 76, 77, 78, 79, 80, 81, 82, 83, 84, 85, 86, 87, 88, 89, 90, 91, 92, 93, 94, 95]

S023C003P063R002A119: 4 frames missed: [88, 89, 90, 91]

S023C003P064R001A119: 14 frames missed: [103, 104, 105, 106, 107, 108, 109, 110, 111, 112, 113, 114, 115, 116]

S023C003P064R002A119: 55 frames missed: [30, 31, 32, 33, 34, 35, 36, 37, 38, 39, 40, 41, 42, 43, 44, 45, 46, 47, 48, 49, 50, 51, 52, 53, 54, 55, 56, 57, 58, 59, 60, 61, 62, 63, 64, 65, 66, 67, 68, 69, 70, 71, 72, 73, 74, 75, 76, 77, 78, 79, 80, 81, 82, 83, 84]

S023C003P065R001A119: 55 frames missed: [36, 37, 38, 39, 40, 41, 42, 43, 44, 45, 46, 47, 48, 49, 50, 51, 52, 53, 54, 55, 56, 57, 58, 59, 60, 61, 62, 63, 64, 65, 66, 67, 68, 69, 70, 71, 72, 73, 74, 75, 76, 77, 78, 79, 80, 81, 82, 83, 84, 85, 86, 87, 88, 89, 90]

S023C003P065R002A087: 32 frames missed: [0, 1, 2, 3, 4, 5, 6, 7, 8, 9, 10, 11, 12, 13, 14, 15, 16, 17, 18, 19, 20, 21, 22, 23, 24, 25, 26, 27, 28, 29, 30, 31]

S023C003P065R002A108: 10 frames missed: [42, 43, 44, 45, 46, 47, 48, 49, 50, 51]

S023C003P066R002A119: 24 frames missed: [71, 72, 73, 74, 75, 76, 77, 78, 79, 80, 81, 82, 83, 84, 85, 86, 87, 88, 89, 90, 91, 92, 93, 94]

S024C001P062R001A119: 29 frames missed: [35, 36, 37, 38, 39, 40, 41, 42, 43, 44, 45, 46, 47, 48, 49, 50, 51, 52, 53, 54, 55, 56, 57, 58, 59, 60, 61, 62, 63]

S024C001P063R001A108: 5 frames missed: [27, 28, 29, 30, 31]

S024C001P067R001A108: 7 frames missed: [20, 21, 22, 23, 24, 25, 26]

S024C002P062R001A119: 7 frames missed: [58, 59, 60, 61, 62, 63, 64]

S024C002P064R002A119: 12 frames missed: [40, 41, 42, 43, 44, 45, 46, 47, 48, 49, 50, 51]

S024C003P057R001A108: 7 frames missed: [24, 25, 26, 27, 28, 29, 30]

S024C003P061R002A117: 12 frames missed: [38, 39, 40, 41, 42, 43, 44, 45, 46, 47, 48, 49]

S024C003P063R002A063: 26 frames missed: [0, 1, 2, 3, 4, 5, 6, 7, 8, 9, 10, 11, 12, 13, 14, 15, 16, 17, 18, 19, 20, 21, 22, 23, 24, 25]

S024C003P067R001A119: 35 frames missed: [41, 42, 43, 44, 45, 46, 47, 48, 49, 50, 51, 52, 53, 54, 55, 56, 57, 58, 59, 60, 61, 62, 63, 64, 65, 66, 67, 68, 69, 70, 71, 72, 73, 74, 75]

S025C001P055R002A108: 7 frames missed: [18, 19, 20, 21, 22, 23, 24]

S025C002P065R001A119: 22 frames missed: [37, 38, 39, 40, 41, 42, 43, 44, 45, 46, 47, 48, 49, 50, 51, 52, 53, 54, 55, 56, 57, 58]

S025C002P066R001A119: 15 frames missed: [38, 39, 40, 41, 42, 43, 44, 45, 46, 47, 48, 49, 50, 51, 52]

S025C003P059R002A109: 5 frames missed: [42, 43, 44, 45, 46]

S025C003P065R002A119: 59 frames missed: [0, 1, 2, 3, 4, 5, 6, 7, 8, 9, 10, 11, 12, 13, 14, 15, 16, 17, 18, 19, 20, 21, 22, 23, 24, 25, 26, 27, 28, 29, 30, 31, 32, 33, 34, 35, 36, 37, 38, 39, 40, 41, 42, 43, 44, 45, 46, 47, 48, 49, 50, 51, 52, 53, 54, 55, 56, 57, 58]

S025C003P066R001A117: 9 frames missed: [28, 29, 30, 31, 32, 33, 34, 35, 36]

S025C003P066R001A119: 7 frames missed: [62, 63, 64, 65, 66, 67, 68]

S025C003P066R002A087: 45 frames missed: [0, 1, 2, 3, 4, 5, 6, 7, 8, 9, 10, 11, 12, 13, 14, 15, 16, 17, 18, 19, 20, 21, 22, 23, 24, 25, 26, 27, 28, 29, 30, 31, 32, 33, 34, 35, 36, 37, 38, 39, 40, 41, 42, 43, 44]

S026C001P008R001A119: 13 frames missed: [63, 64, 65, 66, 67, 68, 69, 70, 71, 72, 73, 74, 75]

S026C001P044R001A092: 4 frames missed: [81, 82, 83, 84]

S026C001P044R001A119: 6 frames missed: [53, 54, 55, 56, 57, 58]

S026C001P044R002A092: 10 frames missed: [62, 63, 64, 65, 66, 67, 68, 69, 70, 71]

S026C001P050R002A119: 2 frames missed: [84, 85]

S026C001P069R001A092: 8 frames missed: [84, 85, 86, 87, 88, 89, 90, 91]

S026C001P070R002A092: 14 frames missed: [74, 75, 76, 77, 78, 79, 80, 81, 82, 83, 84, 85, 86, 87]

S026C002P008R001A119: 30 frames missed: [49, 50, 51, 52, 53, 54, 55, 56, 57, 58, 59, 60, 61, 62, 63, 64, 65, 66, 67, 68, 69, 70, 71, 72, 73, 74, 75, 76, 77, 78]

S026C002P041R002A119: 14 frames missed: [62, 63, 64, 65, 66, 67, 68, 69, 70, 71, 72, 73, 74, 75]

S026C002P051R002A119: 10 frames missed: [64, 65, 66, 67, 68, 69, 70, 71, 72, 73]

S026C002P069R001A092: 27 frames missed: [0, 1, 2, 3, 4, 5, 6, 7, 8, 9, 10, 11, 12, 13, 14, 15, 16, 17, 18, 19, 20, 21, 22, 23, 24, 25, 26]

S026C002P074R002A119: 16 frames missed: [87, 88, 89, 90, 91, 92, 93, 94, 95, 96, 97, 98, 99, 100, 101, 102]

S026C002P075R001A119: 13 frames missed: [62, 63, 64, 65, 66, 67, 68, 69, 70, 71, 72, 73, 74]

S026C002P075R002A119: 23 frames missed: [44, 45, 46, 47, 48, 49, 50, 51, 52, 53, 54, 55, 56, 57, 58, 59, 60, 61, 62, 63, 64, 65, 66]

S026C002P077R001A114: 3 frames missed: [69, 70, 71]

S026C002P077R001A119: 11 frames missed: [78, 79, 80, 81, 82, 83, 84, 85, 86, 87, 88]

S026C002P077R002A119: 20 frames missed: [49, 50, 51, 52, 53, 54, 55, 56, 57, 58, 59, 60, 61, 62, 63, 64, 65, 66, 67, 68]

S026C003P008R002A119: 28 frames missed: [61, 62, 63, 64, 65, 66, 67, 68, 69, 70, 71, 72, 73, 74, 75, 76, 77, 78, 79, 80, 81, 82, 83, 84, 85, 86, 87, 88]

S026C003P069R002A119: 6 frames missed: [89, 90, 91, 92, 93, 94]

S026C003P070R002A092: 29 frames missed: [93, 94, 95, 96, 97, 98, 99, 100, 101, 102, 103, 104, 105, 106, 107, 108, 109, 110, 111, 112, 113, 114, 115, 116, 117, 118, 119, 120, 121]

S026C003P075R002A092: 38 frames missed: [0, 1, 2, 3, 4, 5, 6, 7, 8, 9, 10, 11, 12, 13, 14, 15, 16, 17, 18, 19, 20, 21, 22, 23, 24, 25, 26, 27, 28, 29, 30, 31, 32, 33, 34, 35, 36, 37]

S026C003P077R001A087: 6 frames missed: [37, 38, 39, 40, 41, 42]

S027C002P008R001A119: 7 frames missed: [59, 60, 61, 62, 63, 64, 65]

S027C002P011R001A119: 29 frames missed: [69, 70, 71, 72, 73, 74, 75, 76, 77, 78, 79, 80, 81, 82, 83, 84, 85, 86, 87, 88, 89, 90, 91, 92, 93, 94, 95, 96, 97]

S027C002P078R001A114: 10 frames missed: [66, 67, 68, 69, 70, 71, 72, 73, 74, 75]

S027C002P079R002A119: 19 frames missed: [56, 57, 58, 59, 60, 61, 62, 63, 64, 65, 66, 67, 68, 69, 70, 71, 72, 73, 74]

S027C002P080R002A119: 36 frames missed: [54, 55, 56, 57, 58, 59, 60, 61, 62, 63, 64, 65, 66, 67, 68, 69, 70, 71, 72, 73, 74, 75, 76, 77, 78, 79, 80, 81, 82, 83, 84, 85, 86, 87, 88, 89]

S027C003P006R001A119: 18 frames missed: [67, 68, 69, 70, 71, 72, 73, 74, 75, 76, 77, 78, 79, 80, 81, 82, 83, 84]

S027C003P008R001A076: 17 frames missed: [41, 42, 43, 44, 45, 46, 47, 48, 49, 50, 51, 52, 53, 54, 55, 56, 57]

S027C003P008R002A119: 12 frames missed: [59, 60, 61, 62, 63, 64, 65, 66, 67, 68, 69, 70]

S027C003P011R001A119: 48 frames missed: [82, 83, 84, 85, 86, 87, 88, 89, 90, 91, 92, 93, 94, 95, 96, 97, 98, 99, 100, 101, 102, 103, 104, 105, 106, 107, 108, 109, 110, 111, 112, 113, 114, 115, 116, 117, 118, 119, 120, 121, 122, 123, 124, 125, 126, 127, 128, 129]

S027C003P011R002A115: 38 frames missed: [0, 1, 2, 3, 4, 5, 6, 7, 8, 9, 10, 11, 12, 13, 14, 15, 16, 17, 18, 19, 20, 21, 22, 23, 24, 25, 26, 27, 28, 29, 30, 31, 32, 33, 34, 35, 36, 37]

S027C003P043R002A119: 15 frames missed: [79, 80, 81, 82, 83, 84, 85, 86, 87, 88, 89, 90, 91, 92, 93]

S027C003P044R002A120: 7 frames missed: [0, 1, 2, 3, 4, 5, 6]

S027C003P078R002A061: 85 frames missed: [0, 1, 2, 3, 4, 5, 6, 7, 8, 9, 10, 11, 12, 13, 14, 15, 16, 17, 18, 19, 20, 21, 22, 23, 24, 25, 26, 27, 28, 29, 30, 31, 32, 33, 34, 35, 36, 37, 38, 39, 40, 41, 42, 43, 44, 45, 46, 47, 48, 49, 50, 51, 52, 53, 54, 55, 56, 57, 58, 59, 60, 61, 62, 63, 64, 65, 66, 67, 68, 69, 70, 71, 72, 73, 74, 75, 76, 77, 78, 79, 80, 81, 82, 83, 84]

S027C003P083R001A119: 29 frames missed: [66, 67, 68, 69, 70, 71, 72, 73, 74, 75, 76, 77, 78, 79, 80, 81, 82, 83, 84, 85, 86, 87, 88, 89, 90, 91, 92, 93, 94]

S027C003P086R001A119: 23 frames missed: [88, 89, 90, 91, 92, 93, 94, 95, 96, 97, 98, 99, 100, 101, 102, 103, 104, 105, 106, 107, 108, 109, 110]

S028C002P008R001A119: 4 frames missed: [50, 51, 52, 53]

S028C002P008R002A120: 7 frames missed: [0, 1, 2, 3, 4, 5, 6]

S028C002P048R001A119: 18 frames missed: [48, 49, 50, 51, 52, 53, 54, 55, 56, 57, 58, 59, 60, 61, 62, 63, 64, 65]

S028C002P070R002A119: 30 frames missed: [52, 53, 54, 55, 56, 57, 58, 59, 60, 61, 62, 63, 64, 65, 66, 67, 68, 69, 70, 71, 72, 73, 74, 75, 76, 77, 78, 79, 80, 81]

S028C002P087R002A119: 24 frames missed: [26, 27, 28, 29, 30, 31, 32, 33, 34, 35, 36, 37, 38, 39, 40, 41, 42, 43, 44, 45, 46, 47, 48, 49]

S028C003P008R001A119: 1 frames missed: [73]

S028C003P008R002A119: 10 frames missed: [74, 75, 76, 77, 78, 79, 80, 81, 82, 83]

S028C003P070R001A119: 29 frames missed: [60, 61, 62, 63, 64, 65, 66, 67, 68, 69, 70, 71, 72, 73, 74, 75, 76, 77, 78, 79, 80, 81, 82, 83, 84, 85, 86, 87, 88]

S028C003P073R002A061: 81 frames missed: [0, 1, 2, 3, 4, 5, 6, 7, 8, 9, 10, 11, 12, 13, 14, 15, 16, 17, 18, 19, 20, 21, 22, 23, 24, 25, 26, 27, 28, 29, 30, 31, 32, 33, 34, 35, 36, 37, 38, 39, 40, 41, 42, 43, 44, 45, 46, 47, 48, 49, 50, 51, 52, 53, 54, 55, 56, 57, 58, 59, 60, 61, 62, 63, 64, 65, 66, 67, 68, 69, 70, 71, 72, 73, 74, 75, 76, 77, 78, 79, 80]

S028C003P087R001A119: 9 frames missed: [75, 76, 77, 78, 79, 80, 81, 82, 83]

S028C003P087R002A119: 32 frames missed: [36, 37, 38, 39, 40, 41, 42, 43, 44, 45, 46, 47, 48, 49, 50, 51, 52, 53, 54, 55, 56, 57, 58, 59, 60, 61, 62, 63, 64, 65, 66, 67]

S029C001P043R001A092: 10 frames missed: [0, 1, 2, 3, 4, 5, 6, 7, 8, 9]

S029C001P044R002A073: 11 frames missed: [0, 1, 2, 3, 4, 5, 6, 7, 8, 9, 10]

S029C001P048R001A075: 28 frames missed: [0, 1, 2, 3, 4, 5, 6, 7, 8, 9, 10, 11, 12, 13, 14, 15, 16, 17, 18, 19, 20, 21, 22, 23, 24, 25, 26, 27]

S029C001P048R001A082: 2 frames missed: [0, 1]

S029C001P048R001A084: 18 frames missed: [0, 1, 2, 3, 4, 5, 6, 7, 8, 9, 10, 11, 12, 13, 14, 15, 16, 17]

S029C001P048R001A087: 4 frames missed: [0, 1, 2, 3]

S029C001P048R002A075: 7 frames missed: [0, 1, 2, 3, 4, 5, 6]

S029C001P048R002A082: 3 frames missed: [0, 1, 2]

S029C001P048R002A084: 9 frames missed: [0, 1, 2, 3, 4, 5, 6, 7, 8]

S029C001P048R002A087: 23 frames missed: [0, 1, 2, 3, 4, 5, 6, 7, 8, 9, 10, 11, 12, 13, 14, 15, 16, 17, 18, 19, 20, 21, 22]

S029C001P048R002A091: 9 frames missed: [0, 1, 2, 3, 4, 5, 6, 7, 8]

S029C001P049R001A092: 13 frames missed: [0, 1, 2, 3, 4, 5, 6, 7, 8, 9, 10, 11, 12]

S029C001P051R001A076: 4 frames missed: [0, 1, 2, 3]

S029C001P074R002A119: 1 frames missed: [74]

S029C001P088R001A087: 25 frames missed: [0, 1, 2, 3, 4, 5, 6, 7, 8, 9, 10, 11, 12, 13, 14, 15, 16, 17, 18, 19, 20, 21, 22, 23, 24]

S029C001P088R002A092: 40 frames missed: [0, 1, 2, 47, 48, 49, 50, 51, 52, 53, 54, 55, 56, 57, 58, 59, 60, 61, 62, 63, 64, 65, 66, 67, 68, 69, 70, 71, 72, 73, 74, 75, 76, 77, 78, 79, 80, 81, 82, 83]

S029C001P089R002A119: 2 frames missed: [61, 62]

S029C002P041R001A061: 29 frames missed: [0, 1, 2, 3, 4, 5, 6, 7, 8, 9, 10, 11, 12, 13, 14, 15, 16, 17, 18, 19, 20, 21, 22, 23, 24, 25, 26, 27, 28]

S029C002P043R001A076: 28 frames missed: [0, 1, 2, 3, 4, 5, 6, 7, 8, 9, 10, 11, 12, 13, 14, 15, 16, 17, 18, 19, 20, 21, 22, 23, 24, 25, 26, 27]

S029C002P043R001A116: 13 frames missed: [41, 42, 43, 44, 45, 46, 47, 48, 49, 50, 51, 52, 53]

S029C002P043R002A089: 1 frames missed: [1]

S029C002P044R001A092: 5 frames missed: [64, 65, 66, 67, 68]

S029C002P048R001A074: 25 frames missed: [0, 1, 2, 3, 4, 5, 6, 7, 8, 9, 10, 11, 12, 13, 14, 15, 16, 17, 18, 19, 20, 21, 22, 23, 24]

S029C002P048R001A082: 24 frames missed: [0, 1, 2, 3, 4, 5, 6, 7, 8, 9, 10, 11, 12, 13, 14, 15, 16, 17, 18, 19, 20, 21, 22, 23]

S029C002P048R001A084: 18 frames missed: [0, 1, 2, 3, 4, 5, 6, 7, 8, 9, 10, 11, 12, 13, 14, 15, 16, 17]

S029C002P048R002A075: 10 frames missed: [0, 1, 2, 3, 4, 5, 6, 7, 8, 9]

S029C002P048R002A119: 9 frames missed: [38, 39, 40, 41, 42, 43, 44, 45, 46]

S029C002P074R001A097: 30 frames missed: [0, 1, 2, 3, 4, 5, 6, 7, 8, 9, 10, 11, 12, 13, 14, 15, 16, 17, 18, 19, 20, 21, 22, 23, 24, 25, 26, 27, 28, 29]

S029C002P074R001A119: 8 frames missed: [61, 62, 63, 64, 65, 66, 67, 68]

S029C002P088R001A119: 35 frames missed: [43, 44, 45, 46, 47, 48, 49, 50, 51, 52, 53, 54, 55, 56, 57, 58, 59, 60, 61, 62, 63, 64, 65, 66, 67, 68, 69, 70, 71, 72, 73, 74, 75, 76, 77]

S029C002P090R001A066: 10 frames missed: [0, 1, 2, 3, 4, 5, 6, 7, 8, 9]

S029C002P090R001A082: 14 frames missed: [0, 1, 2, 3, 4, 5, 6, 7, 8, 9, 10, 11, 12, 13]

S029C002P090R001A087: 24 frames missed: [0, 1, 2, 3, 4, 5, 6, 7, 8, 9, 10, 11, 12, 13, 14, 15, 16, 17, 18, 19, 20, 21, 22, 23]

S029C002P090R002A119: 65 frames missed: [24, 25, 26, 27, 28, 29, 30, 31, 32, 33, 34, 35, 36, 37, 38, 39, 40, 41, 42, 43, 44, 45, 46, 47, 48, 49, 50, 51, 52, 53, 54, 55, 56, 57, 58, 59, 60, 61, 62, 63, 64, 65, 66, 67, 68, 69, 70, 71, 72, 73, 74, 75, 76, 77, 78, 79, 80, 81, 82, 83, 84, 85, 86, 87, 88]

S029C003P008R002A113: 13 frames missed: [0, 1, 2, 3, 4, 5, 6, 7, 8, 9, 10, 11, 12]

S029C003P041R001A094: 15 frames missed: [32, 33, 34, 35, 36, 37, 38, 39, 40, 41, 42, 43, 44, 45, 46]

S029C003P043R001A093: 26 frames missed: [0, 1, 2, 3, 4, 5, 6, 7, 8, 9, 10, 11, 12, 13, 14, 15, 16, 17, 18, 19, 20, 21, 22, 23, 24, 25]

S029C003P043R001A094: 7 frames missed: [46, 47, 48, 49, 50, 51, 52]

S029C003P043R001A095: 10 frames missed: [0, 1, 2, 3, 4, 5, 6, 7, 8, 9]

S029C003P043R001A101: 59 frames missed: [41, 42, 43, 44, 45, 46, 47, 48, 49, 50, 51, 52, 53, 54, 55, 56, 57, 58, 59, 60, 61, 62, 63, 64, 65, 66, 67, 68, 69, 70, 71, 72, 73, 74, 75, 76, 77, 78, 79, 80, 81, 82, 83, 84, 85, 86, 87, 88, 89, 90, 91, 92, 93, 94, 95, 96, 97, 98, 99]

S029C003P043R001A104: 34 frames missed: [38, 39, 40, 41, 42, 43, 44, 45, 46, 47, 48, 49, 50, 51, 52, 53, 54, 55, 56, 57, 58, 59, 60, 61, 62, 63, 64, 65, 66, 67, 68, 69, 70, 71]

S029C003P043R001A116: 4 frames missed: [0, 1, 2, 3]

S029C003P044R001A065: 26 frames missed: [0, 1, 2, 3, 4, 5, 6, 7, 8, 9, 10, 11, 12, 13, 14, 15, 16, 17, 18, 19, 20, 21, 22, 23, 24, 25]

S029C003P044R002A109: 7 frames missed: [9, 10, 11, 12, 13, 14, 15]

S029C003P048R001A077: 29 frames missed: [0, 1, 2, 3, 4, 5, 6, 7, 8, 9, 10, 11, 12, 13, 14, 15, 16, 17, 18, 19, 20, 21, 22, 23, 24, 25, 26, 27, 28]

S029C003P048R001A084: 24 frames missed: [0, 1, 2, 3, 4, 5, 6, 7, 8, 9, 10, 11, 12, 13, 14, 15, 16, 17, 18, 19, 20, 21, 22, 23]

S029C003P048R002A077: 22 frames missed: [0, 1, 2, 3, 4, 5, 6, 7, 8, 9, 10, 11, 12, 13, 14, 15, 16, 17, 18, 19, 20, 21]

S029C003P048R002A093: 38 frames missed: [0, 1, 2, 3, 4, 5, 6, 7, 8, 9, 10, 11, 12, 13, 14, 15, 16, 17, 18, 19, 20, 21, 22, 23, 24, 25, 26, 27, 28, 29, 30, 31, 32, 33, 34, 35, 36, 37]

S029C003P049R001A063: 29 frames missed: [0, 1, 2, 3, 4, 5, 6, 7, 8, 9, 10, 11, 12, 13, 14, 15, 16, 17, 18, 19, 20, 21, 22, 23, 24, 25, 26, 27, 28]

S029C003P049R001A064: 24 frames missed: [0, 1, 2, 3, 4, 5, 6, 7, 8, 9, 10, 11, 12, 13, 14, 15, 16, 17, 18, 19, 20, 21, 22, 23]

S029C003P049R002A120: 21 frames missed: [0, 1, 2, 3, 4, 5, 6, 7, 8, 9, 10, 11, 12, 13, 14, 15, 16, 17, 18, 19, 20]

S029C003P051R001A101: 13 frames missed: [87, 88, 89, 90, 91, 92, 93, 94, 95, 96, 97, 98, 99]

S029C003P051R002A119: 42 frames missed: [25, 26, 27, 28, 29, 30, 31, 32, 33, 34, 35, 36, 37, 38, 39, 40, 41, 42, 43, 44, 45, 46, 47, 48, 49, 50, 51, 52, 53, 54, 55, 56, 57, 58, 59, 60, 61, 62, 63, 64, 65, 66]

S029C003P074R002A108: 15 frames missed: [41, 42, 43, 44, 45, 46, 47, 48, 49, 50, 51, 52, 53, 54, 55]

S029C003P074R002A114: 6 frames missed: [108, 109, 110, 111, 112, 113]

S029C003P074R002A116: 67 frames missed: [0, 1, 2, 3, 4, 5, 6, 7, 8, 9, 10, 11, 12, 13, 14, 15, 16, 17, 18, 19, 20, 21, 22, 23, 24, 25, 26, 27, 28, 29, 30, 31, 32, 33, 34, 35, 36, 37, 38, 39, 40, 41, 42, 43, 44, 45, 46, 47, 48, 49, 50, 51, 52, 53, 54, 55, 56, 57, 58, 59, 60, 61, 62, 63, 64, 65, 66]

S029C003P075R001A092: 23 frames missed: [0, 1, 2, 3, 4, 5, 6, 7, 8, 9, 10, 11, 12, 13, 14, 15, 16, 17, 18, 19, 20, 21, 22]

S029C003P075R001A119: 40 frames missed: [56, 57, 58, 59, 60, 61, 62, 63, 64, 65, 66, 67, 68, 69, 70, 71, 72, 73, 74, 75, 76, 77, 78, 79, 80, 81, 82, 83, 84, 85, 86, 87, 88, 89, 90, 91, 92, 93, 94, 95]

S029C003P075R002A108: 26 frames missed: [0, 1, 2, 3, 4, 5, 6, 7, 8, 9, 10, 11, 12, 13, 14, 15, 16, 17, 18, 19, 20, 21, 22, 23, 24, 25]

S029C003P075R002A116: 41 frames missed: [114, 115, 116, 117, 118, 119, 120, 121, 122, 123, 124, 125, 126, 127, 128, 129, 130, 131, 132, 133, 134, 135, 136, 137, 138, 139, 140, 141, 142, 143, 144, 145, 146, 147, 148, 149, 150, 151, 152, 153, 154]

S029C003P080R001A078: 9 frames missed: [0, 1, 2, 3, 4, 5, 6, 7, 8]

S029C003P080R001A085: 6 frames missed: [13, 14, 15, 16, 17, 18]

S029C003P080R001A089: 4 frames missed: [0, 1, 2, 3]

S029C003P080R001A117: 23 frames missed: [34, 35, 36, 37, 38, 39, 40, 41, 42, 43, 44, 45, 46, 47, 48, 49, 50, 51, 52, 53, 54, 55, 56]

S029C003P088R001A066: 20 frames missed: [17, 18, 19, 20, 21, 22, 23, 24, 25, 26, 27, 28, 29, 30, 31, 32, 33, 34, 35, 36]

S029C003P088R001A080: 13 frames missed: [39, 40, 41, 42, 43, 44, 45, 46, 47, 48, 49, 50, 51]

S029C003P088R002A066: 39 frames missed: [0, 1, 2, 3, 4, 5, 6, 7, 8, 9, 10, 11, 12, 13, 14, 15, 16, 17, 18, 19, 20, 21, 22, 23, 24, 25, 26, 27, 28, 29, 30, 31, 32, 33, 34, 35, 36, 37, 38]

S029C003P089R001A076: 29 frames missed: [0, 1, 2, 3, 4, 5, 6, 7, 8, 9, 10, 11, 12, 13, 14, 15, 16, 17, 18, 19, 20, 21, 22, 23, 24, 25, 26, 27, 28]

S029C003P089R001A081: 47 frames missed: [0, 1, 2, 3, 4, 5, 6, 7, 8, 9, 10, 11, 12, 13, 14, 15, 16, 17, 18, 19, 20, 21, 22, 23, 24, 25, 26, 27, 28, 29, 30, 31, 32, 33, 34, 35, 36, 37, 38, 39, 40, 41, 42, 43, 44, 45, 46]

S029C003P089R001A109: 33 frames missed: [34, 35, 36, 37, 38, 39, 40, 41, 42, 43, 44, 45, 46, 47, 48, 49, 50, 51, 52, 53, 54, 55, 56, 57, 58, 59, 60, 61, 62, 63, 64, 65, 66]

S029C003P090R002A080: 31 frames missed: [0, 1, 2, 3, 4, 5, 6, 7, 8, 9, 10, 11, 12, 13, 14, 15, 16, 17, 18, 19, 20, 21, 22, 23, 24, 25, 26, 27, 28, 29, 30]

S029C003P090R002A117: 4 frames missed: [52, 53, 54, 55]

S030C001P041R001A092: 1 frames missed: [99]

S030C001P043R002A092: 46 frames missed: [23, 24, 25, 26, 27, 28, 29, 30, 31, 32, 33, 34, 35, 36, 37, 38, 39, 40, 41, 42, 43, 44, 45, 46, 47, 48, 49, 50, 51, 52, 53, 54, 55, 56, 57, 58, 59, 60, 61, 62, 63, 64, 65, 66, 67, 68]

S030C001P075R001A114: 10 frames missed: [0, 1, 2, 3, 4, 5, 6, 7, 8, 9]

S030C001P088R001A092: 35 frames missed: [45, 46, 47, 48, 49, 50, 51, 52, 53, 54, 55, 56, 57, 58, 59, 60, 61, 62, 63, 64, 65, 66, 67, 68, 69, 70, 71, 72, 73, 74, 75, 76, 77, 78, 79]

S030C001P093R001A119: 10 frames missed: [50, 51, 52, 53, 54, 55, 56, 57, 58, 59]

S030C001P095R001A114: 11 frames missed: [47, 48, 49, 50, 51, 52, 53, 54, 55, 56, 57]

S030C001P096R001A092: 23 frames missed: [85, 86, 87, 88, 89, 90, 91, 92, 93, 94, 95, 96, 97, 98, 99, 100, 101, 102, 103, 104, 105, 106, 107]

S030C002P041R002A119: 36 frames missed: [33, 34, 35, 36, 37, 38, 39, 40, 41, 42, 43, 44, 45, 46, 47, 48, 49, 50, 51, 52, 53, 54, 55, 56, 57, 58, 59, 60, 61, 62, 63, 64, 65, 66, 67, 68]

S030C002P067R002A119: 24 frames missed: [26, 27, 28, 29, 30, 31, 32, 33, 34, 35, 36, 37, 38, 39, 40, 41, 42, 43, 44, 45, 46, 47, 48, 49]

S030C002P075R001A119: 31 frames missed: [46, 47, 48, 49, 50, 51, 52, 53, 54, 55, 56, 57, 58, 59, 60, 61, 62, 63, 64, 65, 66, 67, 68, 69, 70, 71, 72, 73, 74, 75, 76]

S030C002P081R002A119: 16 frames missed: [49, 50, 51, 52, 53, 54, 55, 56, 57, 58, 59, 60, 61, 62, 63, 64]

S030C002P088R001A092: 19 frames missed: [62, 63, 64, 65, 66, 67, 68, 69, 70, 71, 72, 73, 74, 75, 76, 77, 78, 79, 80]

S030C002P092R002A119: 20 frames missed: [38, 39, 40, 41, 42, 43, 44, 45, 46, 47, 48, 49, 50, 51, 52, 53, 54, 55, 56, 57]

S030C002P093R002A114: 4 frames missed: [71, 72, 73, 74]

S030C002P095R002A119: 14 frames missed: [25, 26, 27, 28, 29, 30, 31, 32, 33, 34, 35, 36, 37, 38]

S030C003P041R001A092: 46 frames missed: [47, 48, 49, 50, 51, 52, 53, 54, 55, 56, 57, 58, 59, 60, 61, 62, 63, 64, 65, 66, 67, 68, 69, 70, 71, 72, 73, 74, 75, 76, 77, 78, 79, 80, 81, 82, 83, 84, 85, 86, 87, 88, 89, 90, 91, 92]

S030C003P041R001A114: 31 frames missed: [74, 75, 76, 77, 78, 79, 80, 81, 82, 83, 84, 85, 86, 87, 88, 89, 90, 91, 92, 93, 94, 95, 96, 97, 98, 99, 100, 101, 102, 103, 104]

S030C003P041R001A119: 46 frames missed: [62, 63, 64, 65, 66, 67, 68, 69, 70, 71, 72, 73, 74, 75, 76, 77, 78, 79, 80, 81, 82, 83, 84, 85, 86, 87, 88, 89, 90, 91, 92, 93, 94, 95, 96, 97, 98, 99, 100, 101, 102, 103, 104, 105, 106, 107]

S030C003P044R002A066: 41 frames missed: [0, 1, 2, 3, 4, 5, 6, 7, 8, 9, 10, 11, 12, 13, 14, 15, 16, 17, 18, 19, 20, 21, 22, 23, 24, 25, 26, 27, 28, 29, 30, 31, 32, 33, 34, 35, 36, 37, 38, 39, 40]

S030C003P044R002A073: 27 frames missed: [0, 1, 2, 3, 4, 5, 6, 7, 8, 9, 10, 11, 12, 13, 14, 15, 16, 17, 18, 19, 20, 21, 22, 23, 24, 25, 26]

S030C003P048R002A108: 23 frames missed: [41, 42, 43, 44, 45, 46, 47, 48, 49, 50, 51, 52, 53, 54, 55, 56, 57, 58, 59, 60, 61, 62, 63]

S030C003P067R002A087: 35 frames missed: [0, 1, 2, 3, 4, 5, 6, 7, 8, 9, 10, 11, 12, 13, 14, 15, 16, 17, 18, 19, 20, 21, 22, 23, 24, 25, 26, 27, 28, 29, 30, 31, 32, 33, 34]

S030C003P076R001A117: 17 frames missed: [38, 39, 40, 41, 42, 43, 44, 45, 46, 47, 48, 49, 50, 51, 52, 53, 54]

S030C003P088R001A119: 6 frames missed: [76, 77, 78, 79, 80, 81]

S030C003P093R001A119: 49 frames missed: [31, 32, 33, 34, 35, 36, 37, 38, 39, 40, 41, 42, 43, 44, 45, 46, 47, 48, 49, 50, 51, 52, 53, 54, 55, 56, 57, 58, 59, 60, 61, 62, 63, 64, 65, 66, 67, 68, 69, 70, 71, 72, 73, 74, 75, 76, 77, 78, 79]

S030C003P094R001A119: 14 frames missed: [78, 79, 80, 81, 82, 83, 84, 85, 86, 87, 88, 89, 90, 91]

S030C003P095R001A119: 46 frames missed: [39, 40, 41, 42, 43, 44, 45, 46, 47, 48, 49, 50, 51, 52, 53, 54, 55, 56, 57, 58, 59, 60, 61, 62, 63, 64, 65, 66, 67, 68, 69, 70, 71, 72, 73, 74, 75, 76, 77, 78, 79, 80, 81, 82, 83, 84]

S030C003P096R001A092: 14 frames missed: [131, 132, 133, 134, 135, 136, 137, 138, 139, 140, 141, 142, 143, 144]

S031C001P067R002A069: 6 frames missed: [12, 13, 14, 15, 16, 17]

S031C001P101R001A092: 23 frames missed: [42, 43, 44, 45, 46, 47, 48, 49, 50, 51, 52, 53, 54, 55, 56, 57, 58, 59, 60, 61, 62, 63, 64]

S031C002P008R002A119: 7 frames missed: [47, 48, 49, 50, 51, 52, 53]

S031C002P042R001A092: 25 frames missed: [44, 45, 46, 47, 48, 49, 50, 51, 52, 53, 54, 55, 56, 57, 58, 59, 60, 61, 62, 63, 64, 65, 66, 67, 68]

S031C002P051R001A119: 19 frames missed: [41, 42, 43, 44, 45, 46, 47, 48, 49, 50, 51, 52, 53, 54, 55, 56, 57, 58, 59]

S031C002P082R002A116: 4 frames missed: [59, 60, 61, 62]

S031C002P096R001A119: 16 frames missed: [53, 54, 55, 56, 57, 58, 59, 60, 61, 62, 63, 64, 65, 66, 67, 68]

S031C003P042R001A119: 16 frames missed: [63, 64, 65, 66, 67, 68, 69, 70, 71, 72, 73, 74, 75, 76, 77, 78]

S031C003P042R002A119: 17 frames missed: [55, 56, 57, 58, 59, 60, 61, 62, 63, 64, 65, 66, 67, 68, 69, 70, 71]

S031C003P042R002A120: 36 frames missed: [0, 1, 2, 3, 4, 5, 6, 7, 8, 9, 10, 11, 12, 13, 14, 15, 16, 17, 18, 19, 20, 21, 22, 23, 24, 25, 26, 27, 28, 29, 30, 31, 32, 33, 34, 35]

S031C003P043R001A092: 41 frames missed: [67, 68, 69, 70, 71, 72, 73, 74, 75, 76, 77, 78, 79, 80, 81, 82, 83, 84, 85, 86, 87, 88, 89, 90, 91, 92, 93, 94, 95, 96, 97, 98, 99, 100, 101, 102, 103, 104, 105, 106, 107]

S031C003P067R001A062: 23 frames missed: [43, 44, 45, 46, 47, 48, 49, 50, 51, 52, 53, 54, 55, 56, 57, 58, 59, 60, 61, 62, 63, 64, 65]

S031C003P082R001A061: 28 frames missed: [0, 1, 2, 3, 4, 5, 6, 7, 8, 9, 10, 11, 12, 13, 14, 15, 16, 17, 18, 19, 20, 21, 22, 23, 24, 25, 26, 27]

S031C003P082R001A114: 9 frames missed: [77, 78, 79, 80, 81, 82, 83, 84, 85]

S031C003P082R002A087: 83 frames missed: [0, 1, 2, 3, 4, 5, 6, 7, 8, 9, 10, 11, 12, 13, 14, 15, 16, 17, 18, 19, 20, 21, 22, 23, 24, 25, 26, 27, 28, 29, 30, 31, 32, 33, 34, 35, 36, 37, 38, 39, 40, 41, 42, 43, 44, 45, 46, 47, 48, 49, 50, 51, 52, 53, 54, 55, 56, 57, 58, 59, 60, 61, 62, 63, 64, 65, 66, 67, 68, 69, 70, 71, 72, 73, 74, 75, 76, 77, 78, 79, 80, 81, 82]

S031C003P099R002A108: 27 frames missed: [52, 53, 54, 55, 56, 57, 58, 59, 60, 61, 62, 63, 64, 65, 66, 67, 68, 69, 70, 71, 72, 73, 74, 75, 76, 77, 78]

S032C002P041R001A076: 37 frames missed: [0, 1, 2, 3, 4, 5, 6, 7, 8, 9, 10, 11, 12, 13, 14, 15, 16, 17, 18, 19, 20, 21, 22, 23, 24, 25, 26, 27, 28, 29, 30, 31, 32, 33, 34, 35, 36]

S032C002P041R001A082: 47 frames missed: [0, 1, 2, 3, 4, 5, 6, 7, 8, 9, 10, 11, 12, 13, 14, 15, 16, 17, 18, 19, 20, 21, 22, 23, 24, 25, 26, 27, 28, 29, 30, 31, 32, 33, 34, 35, 36, 37, 38, 39, 40, 41, 42, 43, 44, 45, 46]

S032C002P067R001A082: 13 frames missed: [0, 1, 2, 3, 4, 5, 6, 7, 8, 9, 10, 11, 12]

S032C002P104R001A119: 11 frames missed: [73, 74, 75, 76, 77, 78, 79, 80, 81, 82, 83]

S032C002P104R002A119: 17 frames missed: [40, 41, 42, 43, 44, 45, 46, 47, 48, 49, 50, 51, 52, 53, 54, 55, 56]

S032C003P041R001A094: 7 frames missed: [47, 48, 49, 50, 51, 52, 53]

S032C003P044R002A082: 3 frames missed: [0, 1, 2]

